{"/home/travis/build/npmtest/node-npmtest-geolocator/test.js":{"path":"/home/travis/build/npmtest/node-npmtest-geolocator/test.js","s":{"1":2,"2":2,"3":2,"4":2,"5":2,"6":2,"7":2,"8":1,"9":2,"10":2,"11":1,"12":1,"13":1,"14":1,"15":2,"16":2,"17":2,"18":2,"19":1,"20":1,"21":2,"22":2,"23":2,"24":1,"25":1,"26":1,"27":1,"28":1,"29":1,"30":1,"31":1,"32":1,"33":1,"34":1,"35":1,"36":1,"37":2,"38":2,"39":1,"40":2,"41":2,"42":1,"43":2,"44":2,"45":1,"46":2,"47":2,"48":1,"49":1,"50":1,"51":1,"52":1},"b":{"1":[2,1,1,1],"2":[1,1,1,1],"3":[1,1],"4":[1,1],"5":[1,1],"6":[1,1],"7":[1,1],"8":[1,1],"9":[1,1,1],"10":[1,1],"11":[1,1],"12":[1,1],"13":[1,1],"14":[1,1],"15":[1,1],"16":[1,1]},"f":{"1":2,"2":2,"3":2,"4":2,"5":2,"6":1,"7":1,"8":2,"9":2,"10":2,"11":2,"12":1},"fnMap":{"1":{"name":"(anonymous_1)","line":12,"loc":{"start":{"line":12,"column":1},"end":{"line":12,"column":13}}},"2":{"name":"(anonymous_2)","line":19,"loc":{"start":{"line":19,"column":5},"end":{"line":19,"column":17}}},"3":{"name":"(anonymous_3)","line":23,"loc":{"start":{"line":23,"column":24},"end":{"line":23,"column":36}}},"4":{"name":"(anonymous_4)","line":61,"loc":{"start":{"line":61,"column":5},"end":{"line":61,"column":17}}},"5":{"name":"(anonymous_5)","line":82,"loc":{"start":{"line":82,"column":5},"end":{"line":82,"column":17}}},"6":{"name":"(anonymous_6)","line":102,"loc":{"start":{"line":102,"column":83},"end":{"line":105,"column":10}},"skip":true},"7":{"name":"(anonymous_7)","line":113,"loc":{"start":{"line":113,"column":77},"end":{"line":116,"column":10}},"skip":true},"8":{"name":"(anonymous_8)","line":129,"loc":{"start":{"line":129,"column":12},"end":{"line":129,"column":40}},"skip":true},"9":{"name":"(anonymous_9)","line":137,"loc":{"start":{"line":137,"column":77},"end":{"line":140,"column":10}},"skip":true},"10":{"name":"(anonymous_10)","line":148,"loc":{"start":{"line":148,"column":83},"end":{"line":151,"column":10}},"skip":true},"11":{"name":"(anonymous_11)","line":159,"loc":{"start":{"line":159,"column":79},"end":{"line":162,"column":10}},"skip":true},"12":{"name":"(anonymous_12)","line":170,"loc":{"start":{"line":170,"column":75},"end":{"line":173,"column":10}},"skip":true}},"statementMap":{"1":{"start":{"line":12,"column":0},"end":{"line":185,"column":5}},"2":{"start":{"line":14,"column":4},"end":{"line":14,"column":14}},"3":{"start":{"line":19,"column":4},"end":{"line":56,"column":9}},"4":{"start":{"line":21,"column":8},"end":{"line":21,"column":19}},"5":{"start":{"line":23,"column":8},"end":{"line":35,"column":13}},"6":{"start":{"line":24,"column":12},"end":{"line":34,"column":13}},"7":{"start":{"line":25,"column":16},"end":{"line":28,"column":30}},"8":{"start":{"line":30,"column":16},"end":{"line":33,"column":27}},"9":{"start":{"line":37,"column":8},"end":{"line":39,"column":21}},"10":{"start":{"line":40,"column":8},"end":{"line":53,"column":9}},"11":{"start":{"line":43,"column":12},"end":{"line":46,"column":14}},"12":{"start":{"line":47,"column":12},"end":{"line":47,"column":18}},"13":{"start":{"line":50,"column":12},"end":{"line":51,"column":46}},"14":{"start":{"line":52,"column":12},"end":{"line":52,"column":18}},"15":{"start":{"line":55,"column":8},"end":{"line":55,"column":35}},"16":{"start":{"line":61,"column":4},"end":{"line":63,"column":9}},"17":{"start":{"line":62,"column":8},"end":{"line":62,"column":15}},"18":{"start":{"line":64,"column":4},"end":{"line":77,"column":5}},"19":{"start":{"line":70,"column":8},"end":{"line":70,"column":14}},"20":{"start":{"line":76,"column":8},"end":{"line":76,"column":14}},"21":{"start":{"line":82,"column":4},"end":{"line":84,"column":9}},"22":{"start":{"line":83,"column":8},"end":{"line":83,"column":15}},"23":{"start":{"line":85,"column":4},"end":{"line":184,"column":5}},"24":{"start":{"line":92,"column":8},"end":{"line":94,"column":63}},"25":{"start":{"line":95,"column":8},"end":{"line":95,"column":14}},"26":{"start":{"line":102,"column":8},"end":{"line":111,"column":10},"skip":true},"27":{"start":{"line":109,"column":12},"end":{"line":109,"column":55},"skip":true},"28":{"start":{"line":110,"column":12},"end":{"line":110,"column":48},"skip":true},"29":{"start":{"line":113,"column":8},"end":{"line":126,"column":10},"skip":true},"30":{"start":{"line":120,"column":12},"end":{"line":120,"column":76},"skip":true},"31":{"start":{"line":121,"column":12},"end":{"line":121,"column":73},"skip":true},"32":{"start":{"line":122,"column":12},"end":{"line":122,"column":74},"skip":true},"33":{"start":{"line":123,"column":12},"end":{"line":123,"column":79},"skip":true},"34":{"start":{"line":124,"column":12},"end":{"line":124,"column":25},"skip":true},"35":{"start":{"line":125,"column":12},"end":{"line":125,"column":45},"skip":true},"36":{"start":{"line":128,"column":8},"end":{"line":135,"column":14},"skip":true},"37":{"start":{"line":133,"column":16},"end":{"line":133,"column":29},"skip":true},"38":{"start":{"line":134,"column":16},"end":{"line":134,"column":55},"skip":true},"39":{"start":{"line":137,"column":8},"end":{"line":146,"column":10},"skip":true},"40":{"start":{"line":144,"column":12},"end":{"line":144,"column":25},"skip":true},"41":{"start":{"line":145,"column":12},"end":{"line":145,"column":45},"skip":true},"42":{"start":{"line":148,"column":8},"end":{"line":157,"column":10},"skip":true},"43":{"start":{"line":155,"column":12},"end":{"line":155,"column":25},"skip":true},"44":{"start":{"line":156,"column":12},"end":{"line":156,"column":48},"skip":true},"45":{"start":{"line":159,"column":8},"end":{"line":168,"column":10},"skip":true},"46":{"start":{"line":166,"column":12},"end":{"line":166,"column":25},"skip":true},"47":{"start":{"line":167,"column":12},"end":{"line":167,"column":46},"skip":true},"48":{"start":{"line":170,"column":8},"end":{"line":179,"column":10},"skip":true},"49":{"start":{"line":177,"column":12},"end":{"line":177,"column":94},"skip":true},"50":{"start":{"line":178,"column":12},"end":{"line":178,"column":48},"skip":true},"51":{"start":{"line":182,"column":8},"end":{"line":182,"column":35},"skip":true},"52":{"start":{"line":183,"column":8},"end":{"line":183,"column":14},"skip":true}},"branchMap":{"1":{"line":25,"type":"binary-expr","locations":[{"start":{"line":25,"column":23},"end":{"line":25,"column":62}},{"start":{"line":26,"column":20},"end":{"line":26,"column":70}},{"start":{"line":27,"column":20},"end":{"line":27,"column":71}},{"start":{"line":28,"column":20},"end":{"line":28,"column":29}}]},"2":{"line":30,"type":"binary-expr","locations":[{"start":{"line":30,"column":23},"end":{"line":30,"column":37}},{"start":{"line":31,"column":20},"end":{"line":31,"column":61}},{"start":{"line":32,"column":20},"end":{"line":32,"column":70}},{"start":{"line":33,"column":20},"end":{"line":33,"column":26}}]},"3":{"line":37,"type":"cond-expr","locations":[{"start":{"line":38,"column":14},"end":{"line":38,"column":20}},{"start":{"line":39,"column":14},"end":{"line":39,"column":20}}]},"4":{"line":40,"type":"switch","locations":[{"start":{"line":42,"column":8},"end":{"line":47,"column":18}},{"start":{"line":49,"column":8},"end":{"line":52,"column":18}}]},"5":{"line":44,"type":"binary-expr","locations":[{"start":{"line":44,"column":16},"end":{"line":44,"column":44}},{"start":{"line":44,"column":48},"end":{"line":44,"column":66}}]},"6":{"line":50,"type":"binary-expr","locations":[{"start":{"line":50,"column":21},"end":{"line":50,"column":49}},{"start":{"line":50,"column":53},"end":{"line":50,"column":72}}]},"7":{"line":64,"type":"switch","locations":[{"start":{"line":69,"column":4},"end":{"line":70,"column":14}},{"start":{"line":75,"column":4},"end":{"line":76,"column":14}}]},"8":{"line":85,"type":"switch","locations":[{"start":{"line":90,"column":4},"end":{"line":95,"column":14}},{"start":{"line":101,"column":4},"end":{"line":183,"column":14},"skip":true}]},"9":{"line":92,"type":"binary-expr","locations":[{"start":{"line":92,"column":18},"end":{"line":92,"column":32}},{"start":{"line":93,"column":12},"end":{"line":93,"column":53}},{"start":{"line":94,"column":12},"end":{"line":94,"column":61}}]},"10":{"line":102,"type":"binary-expr","locations":[{"start":{"line":102,"column":45},"end":{"line":102,"column":79},"skip":true},{"start":{"line":102,"column":83},"end":{"line":111,"column":9},"skip":true}]},"11":{"line":113,"type":"binary-expr","locations":[{"start":{"line":113,"column":42},"end":{"line":113,"column":73},"skip":true},{"start":{"line":113,"column":77},"end":{"line":126,"column":9},"skip":true}]},"12":{"line":128,"type":"binary-expr","locations":[{"start":{"line":128,"column":48},"end":{"line":128,"column":85},"skip":true},{"start":{"line":129,"column":12},"end":{"line":135,"column":13},"skip":true}]},"13":{"line":137,"type":"binary-expr","locations":[{"start":{"line":137,"column":42},"end":{"line":137,"column":73},"skip":true},{"start":{"line":137,"column":77},"end":{"line":146,"column":9},"skip":true}]},"14":{"line":148,"type":"binary-expr","locations":[{"start":{"line":148,"column":45},"end":{"line":148,"column":79},"skip":true},{"start":{"line":148,"column":83},"end":{"line":157,"column":9},"skip":true}]},"15":{"line":159,"type":"binary-expr","locations":[{"start":{"line":159,"column":43},"end":{"line":159,"column":75},"skip":true},{"start":{"line":159,"column":79},"end":{"line":168,"column":9},"skip":true}]},"16":{"line":170,"type":"binary-expr","locations":[{"start":{"line":170,"column":41},"end":{"line":170,"column":71},"skip":true},{"start":{"line":170,"column":75},"end":{"line":179,"column":9},"skip":true}]}},"code":["/* istanbul instrument in package npmtest_geolocator */","/*jslint","    bitwise: true,","    browser: true,","    maxerr: 8,","    maxlen: 96,","    node: true,","    nomen: true,","    regexp: true,","    stupid: true","*/","(function () {","    'use strict';","    var local;","","","","    // run shared js-env code - pre-init","    (function () {","        // init local","        local = {};","        // init modeJs","        local.modeJs = (function () {","            try {","                return typeof navigator.userAgent === 'string' &&","                    typeof document.querySelector('body') === 'object' &&","                    typeof XMLHttpRequest.prototype.open === 'function' &&","                    'browser';","            } catch (errorCaughtBrowser) {","                return module.exports &&","                    typeof process.versions.node === 'string' &&","                    typeof require('http').createServer === 'function' &&","                    'node';","            }","        }());","        // init global","        local.global = local.modeJs === 'browser'","            ? window","            : global;","        switch (local.modeJs) {","        // re-init local from window.local","        case 'browser':","            local = local.global.utility2.objectSetDefault(","                local.global.utility2_rollup || local.global.local,","                local.global.utility2","            );","            break;","        // re-init local from example.js","        case 'node':","            local = (local.global.utility2_rollup || require('utility2'))","                .requireExampleJsFromReadme();","            break;","        }","        // export local","        local.global.local = local;","    }());","","","","    // run shared js-env code - function","    (function () {","        return;","    }());","    switch (local.modeJs) {","","","","    // run browser js-env code - function","    case 'browser':","        break;","","","","    // run node js-env code - function","    case 'node':","        break;","    }","","","","    // run shared js-env code - post-init","    (function () {","        return;","    }());","    switch (local.modeJs) {","","","","    // run browser js-env code - post-init","    case 'browser':","        // run tests","        local.nop(local.modeTest &&","            document.querySelector('#testRunButton1') &&","            document.querySelector('#testRunButton1').click());","        break;","","","","    // run node js-env code - post-init","    /* istanbul ignore next */","    case 'node':","        local.testCase_buildApidoc_default = local.testCase_buildApidoc_default || function (","            options,","            onError","        ) {","        /*","         * this function will test buildApidoc's default handling-behavior-behavior","         */","            options = { modulePathList: module.paths };","            local.buildApidoc(options, onError);","        };","","        local.testCase_buildApp_default = local.testCase_buildApp_default || function (","            options,","            onError","        ) {","        /*","         * this function will test buildApp's default handling-behavior-behavior","         */","            local.testCase_buildReadme_default(options, local.onErrorThrow);","            local.testCase_buildLib_default(options, local.onErrorThrow);","            local.testCase_buildTest_default(options, local.onErrorThrow);","            local.testCase_buildCustomOrg_default(options, local.onErrorThrow);","            options = [];","            local.buildApp(options, onError);","        };","","        local.testCase_buildCustomOrg_default = local.testCase_buildCustomOrg_default ||","            function (options, onError) {","            /*","             * this function will test buildCustomOrg's default handling-behavior","             */","                options = {};","                local.buildCustomOrg(options, onError);","            };","","        local.testCase_buildLib_default = local.testCase_buildLib_default || function (","            options,","            onError","        ) {","        /*","         * this function will test buildLib's default handling-behavior","         */","            options = {};","            local.buildLib(options, onError);","        };","","        local.testCase_buildReadme_default = local.testCase_buildReadme_default || function (","            options,","            onError","        ) {","        /*","         * this function will test buildReadme's default handling-behavior-behavior","         */","            options = {};","            local.buildReadme(options, onError);","        };","","        local.testCase_buildTest_default = local.testCase_buildTest_default || function (","            options,","            onError","        ) {","        /*","         * this function will test buildTest's default handling-behavior","         */","            options = {};","            local.buildTest(options, onError);","        };","","        local.testCase_webpage_default = local.testCase_webpage_default || function (","            options,","            onError","        ) {","        /*","         * this function will test webpage's default handling-behavior","         */","            options = { modeCoverageMerge: true, url: local.serverLocalHost + '?modeTest=1' };","            local.browserTest(options, onError);","        };","","        // run test-server","        local.testRunServer(local);","        break;","    }","}());",""],"l":{"12":2,"14":2,"19":2,"21":2,"23":2,"24":2,"25":2,"30":1,"37":2,"40":2,"43":1,"47":1,"50":1,"52":1,"55":2,"61":2,"62":2,"64":2,"70":1,"76":1,"82":2,"83":2,"85":2,"92":1,"95":1,"102":1,"109":1,"110":1,"113":1,"120":1,"121":1,"122":1,"123":1,"124":1,"125":1,"128":1,"133":2,"134":2,"137":1,"144":2,"145":2,"148":1,"155":2,"156":2,"159":1,"166":2,"167":2,"170":1,"177":1,"178":1,"182":1,"183":1}},"/home/travis/build/npmtest/node-npmtest-geolocator/lib.npmtest_geolocator.js":{"path":"/home/travis/build/npmtest/node-npmtest-geolocator/lib.npmtest_geolocator.js","s":{"1":2,"2":2,"3":2,"4":2,"5":2,"6":2,"7":2,"8":1,"9":2,"10":2,"11":2,"12":2,"13":1,"14":1,"15":1,"16":1},"b":{"1":[2,1,1,1],"2":[1,1,1,1],"3":[1,1],"4":[2,2],"5":[1,1]},"f":{"1":2,"2":2,"3":2},"fnMap":{"1":{"name":"(anonymous_1)","line":12,"loc":{"start":{"line":12,"column":1},"end":{"line":12,"column":13}}},"2":{"name":"(anonymous_2)","line":19,"loc":{"start":{"line":19,"column":5},"end":{"line":19,"column":17}}},"3":{"name":"(anonymous_3)","line":23,"loc":{"start":{"line":23,"column":24},"end":{"line":23,"column":36}}}},"statementMap":{"1":{"start":{"line":12,"column":0},"end":{"line":53,"column":5}},"2":{"start":{"line":14,"column":4},"end":{"line":14,"column":14}},"3":{"start":{"line":19,"column":4},"end":{"line":52,"column":9}},"4":{"start":{"line":21,"column":8},"end":{"line":21,"column":19}},"5":{"start":{"line":23,"column":8},"end":{"line":35,"column":13}},"6":{"start":{"line":24,"column":12},"end":{"line":34,"column":13}},"7":{"start":{"line":25,"column":16},"end":{"line":28,"column":30}},"8":{"start":{"line":30,"column":16},"end":{"line":33,"column":27}},"9":{"start":{"line":37,"column":8},"end":{"line":39,"column":21}},"10":{"start":{"line":41,"column":8},"end":{"line":41,"column":54}},"11":{"start":{"line":43,"column":8},"end":{"line":43,"column":55}},"12":{"start":{"line":45,"column":8},"end":{"line":51,"column":9}},"13":{"start":{"line":46,"column":12},"end":{"line":46,"column":61}},"14":{"start":{"line":48,"column":12},"end":{"line":48,"column":35}},"15":{"start":{"line":49,"column":12},"end":{"line":49,"column":49}},"16":{"start":{"line":50,"column":12},"end":{"line":50,"column":43}}},"branchMap":{"1":{"line":25,"type":"binary-expr","locations":[{"start":{"line":25,"column":23},"end":{"line":25,"column":62}},{"start":{"line":26,"column":20},"end":{"line":26,"column":70}},{"start":{"line":27,"column":20},"end":{"line":27,"column":71}},{"start":{"line":28,"column":20},"end":{"line":28,"column":29}}]},"2":{"line":30,"type":"binary-expr","locations":[{"start":{"line":30,"column":23},"end":{"line":30,"column":37}},{"start":{"line":31,"column":20},"end":{"line":31,"column":61}},{"start":{"line":32,"column":20},"end":{"line":32,"column":70}},{"start":{"line":33,"column":20},"end":{"line":33,"column":26}}]},"3":{"line":37,"type":"cond-expr","locations":[{"start":{"line":38,"column":14},"end":{"line":38,"column":20}},{"start":{"line":39,"column":14},"end":{"line":39,"column":20}}]},"4":{"line":41,"type":"binary-expr","locations":[{"start":{"line":41,"column":16},"end":{"line":41,"column":44}},{"start":{"line":41,"column":48},"end":{"line":41,"column":53}}]},"5":{"line":45,"type":"if","locations":[{"start":{"line":45,"column":8},"end":{"line":45,"column":8}},{"start":{"line":45,"column":8},"end":{"line":45,"column":8}}]}},"code":["/* istanbul instrument in package npmtest_geolocator */","/*jslint","    bitwise: true,","    browser: true,","    maxerr: 8,","    maxlen: 96,","    node: true,","    nomen: true,","    regexp: true,","    stupid: true","*/","(function () {","    'use strict';","    var local;","","","","    // run shared js-env code - pre-init","    (function () {","        // init local","        local = {};","        // init modeJs","        local.modeJs = (function () {","            try {","                return typeof navigator.userAgent === 'string' &&","                    typeof document.querySelector('body') === 'object' &&","                    typeof XMLHttpRequest.prototype.open === 'function' &&","                    'browser';","            } catch (errorCaughtBrowser) {","                return module.exports &&","                    typeof process.versions.node === 'string' &&","                    typeof require('http').createServer === 'function' &&","                    'node';","            }","        }());","        // init global","        local.global = local.modeJs === 'browser'","            ? window","            : global;","        // init utility2_rollup","        local = local.global.utility2_rollup || local;","        // init lib","        local.local = local.npmtest_geolocator = local;","        // init exports","        if (local.modeJs === 'browser') {","            local.global.utility2_npmtest_geolocator = local;","        } else {","            module.exports = local;","            module.exports.__dirname = __dirname;","            module.exports.module = module;","        }","    }());","}());",""],"l":{"12":2,"14":2,"19":2,"21":2,"23":2,"24":2,"25":2,"30":1,"37":2,"41":2,"43":2,"45":2,"46":1,"48":1,"49":1,"50":1}},"/home/travis/build/npmtest/node-npmtest-geolocator/example.js":{"path":"/home/travis/build/npmtest/node-npmtest-geolocator/example.js","s":{"1":2,"2":2,"3":2,"4":2,"5":2,"6":2,"7":2,"8":1,"9":2,"10":2,"11":2,"12":2,"13":1,"14":2,"15":2,"16":2,"17":2,"18":2,"19":0,"20":2,"21":1,"22":1,"23":1,"24":1,"25":1,"26":0,"27":0,"28":1,"29":1,"30":2,"31":0,"32":0,"33":0,"34":1,"35":2,"36":2,"37":2,"38":2,"39":2,"40":2,"41":0,"42":2,"43":2,"44":2,"45":1,"46":3,"47":1,"48":1,"49":1,"50":1,"51":1,"52":1,"53":1,"54":1,"55":1,"56":1,"57":0,"58":1,"59":6,"60":6,"61":1,"62":2,"63":0,"64":2,"65":1,"66":1,"67":0,"68":0,"69":0,"70":0,"71":0,"72":0,"73":0,"74":0,"75":0,"76":0,"77":0,"78":0,"79":0,"80":0,"81":0,"82":0,"83":0},"b":{"1":[2,1,1,1],"2":[1,1,1,1],"3":[1,1],"4":[2,2],"5":[1,1],"6":[1,1],"7":[2,0],"8":[2,1,1,1,1,1],"9":[0,2,0],"10":[1,1],"11":[2,1,1],"12":[1,0],"13":[0,2],"14":[2,0,0,0,0,0,0],"15":[0,2],"16":[2,0],"17":[1,1],"18":[0,1],"19":[1,2,0,2],"20":[1,0],"21":[1,1],"22":[0,0],"23":[0,0],"24":[0,0],"25":[0,0],"26":[0,0],"27":[0,0],"28":[0,0]},"f":{"1":2,"2":2,"3":2,"4":2,"5":2,"6":2,"7":2,"8":2,"9":3,"10":1,"11":6,"12":0},"fnMap":{"1":{"name":"(anonymous_1)","line":26,"loc":{"start":{"line":26,"column":1},"end":{"line":26,"column":13}}},"2":{"name":"(anonymous_2)","line":33,"loc":{"start":{"line":33,"column":5},"end":{"line":33,"column":17}}},"3":{"name":"(anonymous_3)","line":37,"loc":{"start":{"line":37,"column":24},"end":{"line":37,"column":36}}},"4":{"name":"(anonymous_4)","line":69,"loc":{"start":{"line":69,"column":31},"end":{"line":69,"column":48}},"skip":true},"5":{"name":"(anonymous_5)","line":78,"loc":{"start":{"line":78,"column":26},"end":{"line":78,"column":45}},"skip":true},"6":{"name":"(anonymous_6)","line":123,"loc":{"start":{"line":123,"column":33},"end":{"line":123,"column":48}},"skip":true},"7":{"name":"(anonymous_7)","line":125,"loc":{"start":{"line":125,"column":27},"end":{"line":125,"column":39}},"skip":true},"8":{"name":"(anonymous_8)","line":133,"loc":{"start":{"line":133,"column":59},"end":{"line":133,"column":74}},"skip":true},"9":{"name":"(anonymous_9)","line":143,"loc":{"start":{"line":143,"column":45},"end":{"line":143,"column":62}},"skip":true},"10":{"name":"(anonymous_10)","line":144,"loc":{"start":{"line":144,"column":73},"end":{"line":144,"column":92}},"skip":true},"11":{"name":"(anonymous_11)","line":272,"loc":{"start":{"line":272,"column":51},"end":{"line":272,"column":77}},"skip":true},"12":{"name":"(anonymous_12)","line":314,"loc":{"start":{"line":314,"column":32},"end":{"line":314,"column":61}},"skip":true}},"statementMap":{"1":{"start":{"line":26,"column":0},"end":{"line":325,"column":5}},"2":{"start":{"line":28,"column":4},"end":{"line":28,"column":14}},"3":{"start":{"line":33,"column":4},"end":{"line":60,"column":9}},"4":{"start":{"line":35,"column":8},"end":{"line":35,"column":19}},"5":{"start":{"line":37,"column":8},"end":{"line":49,"column":13}},"6":{"start":{"line":38,"column":12},"end":{"line":48,"column":13}},"7":{"start":{"line":39,"column":16},"end":{"line":42,"column":30}},"8":{"start":{"line":44,"column":16},"end":{"line":47,"column":27}},"9":{"start":{"line":51,"column":8},"end":{"line":53,"column":21}},"10":{"start":{"line":55,"column":8},"end":{"line":57,"column":45}},"11":{"start":{"line":59,"column":8},"end":{"line":59,"column":35}},"12":{"start":{"line":61,"column":4},"end":{"line":324,"column":5}},"13":{"start":{"line":69,"column":8},"end":{"line":121,"column":10},"skip":true},"14":{"start":{"line":70,"column":12},"end":{"line":88,"column":13},"skip":true},"15":{"start":{"line":76,"column":16},"end":{"line":87,"column":19},"skip":true},"16":{"start":{"line":79,"column":20},"end":{"line":86,"column":21},"skip":true},"17":{"start":{"line":82,"column":24},"end":{"line":82,"column":43},"skip":true},"18":{"start":{"line":83,"column":24},"end":{"line":83,"column":30},"skip":true},"19":{"start":{"line":85,"column":24},"end":{"line":85,"column":49},"skip":true},"20":{"start":{"line":89,"column":12},"end":{"line":107,"column":13},"skip":true},"21":{"start":{"line":92,"column":16},"end":{"line":102,"column":17},"skip":true},"22":{"start":{"line":93,"column":20},"end":{"line":93,"column":86},"skip":true},"23":{"start":{"line":94,"column":20},"end":{"line":95,"column":45},"skip":true},"24":{"start":{"line":96,"column":20},"end":{"line":96,"column":42},"skip":true},"25":{"start":{"line":97,"column":20},"end":{"line":97,"column":48},"skip":true},"26":{"start":{"line":100,"column":20},"end":{"line":100,"column":85},"skip":true},"27":{"start":{"line":101,"column":20},"end":{"line":101,"column":96},"skip":true},"28":{"start":{"line":103,"column":16},"end":{"line":103,"column":22},"skip":true},"29":{"start":{"line":106,"column":16},"end":{"line":106,"column":22},"skip":true},"30":{"start":{"line":108,"column":12},"end":{"line":120,"column":13},"skip":true},"31":{"start":{"line":114,"column":16},"end":{"line":119,"column":17},"skip":true},"32":{"start":{"line":116,"column":20},"end":{"line":116,"column":78},"skip":true},"33":{"start":{"line":118,"column":20},"end":{"line":118,"column":47},"skip":true},"34":{"start":{"line":123,"column":8},"end":{"line":141,"column":11},"skip":true},"35":{"start":{"line":124,"column":12},"end":{"line":124,"column":54},"skip":true},"36":{"start":{"line":125,"column":12},"end":{"line":140,"column":14},"skip":true},"37":{"start":{"line":126,"column":16},"end":{"line":126,"column":28},"skip":true},"38":{"start":{"line":127,"column":16},"end":{"line":127,"column":69},"skip":true},"39":{"start":{"line":128,"column":16},"end":{"line":128,"column":75},"skip":true},"40":{"start":{"line":129,"column":16},"end":{"line":131,"column":17},"skip":true},"41":{"start":{"line":130,"column":20},"end":{"line":130,"column":27},"skip":true},"42":{"start":{"line":133,"column":16},"end":{"line":137,"column":36},"skip":true},"43":{"start":{"line":134,"column":20},"end":{"line":136,"column":55},"skip":true},"44":{"start":{"line":139,"column":16},"end":{"line":139,"column":57},"skip":true},"45":{"start":{"line":143,"column":8},"end":{"line":147,"column":11},"skip":true},"46":{"start":{"line":144,"column":12},"end":{"line":146,"column":15},"skip":true},"47":{"start":{"line":145,"column":16},"end":{"line":145,"column":70},"skip":true},"48":{"start":{"line":149,"column":8},"end":{"line":149,"column":31},"skip":true},"49":{"start":{"line":150,"column":8},"end":{"line":150,"column":14},"skip":true},"50":{"start":{"line":158,"column":8},"end":{"line":158,"column":31},"skip":true},"51":{"start":{"line":160,"column":8},"end":{"line":160,"column":33},"skip":true},"52":{"start":{"line":161,"column":8},"end":{"line":161,"column":37},"skip":true},"53":{"start":{"line":162,"column":8},"end":{"line":162,"column":35},"skip":true},"54":{"start":{"line":164,"column":8},"end":{"line":164,"column":50},"skip":true},"55":{"start":{"line":166,"column":8},"end":{"line":256,"column":2},"skip":true},"56":{"start":{"line":258,"column":8},"end":{"line":286,"column":9},"skip":true},"57":{"start":{"line":259,"column":12},"end":{"line":269,"column":14},"skip":true},"58":{"start":{"line":271,"column":12},"end":{"line":285,"column":19},"skip":true},"59":{"start":{"line":274,"column":20},"end":{"line":274,"column":35},"skip":true},"60":{"start":{"line":275,"column":20},"end":{"line":284,"column":21},"skip":true},"61":{"start":{"line":277,"column":24},"end":{"line":277,"column":64},"skip":true},"62":{"start":{"line":279,"column":24},"end":{"line":279,"column":40},"skip":true},"63":{"start":{"line":281,"column":24},"end":{"line":281,"column":40},"skip":true},"64":{"start":{"line":283,"column":24},"end":{"line":283,"column":39},"skip":true},"65":{"start":{"line":288,"column":8},"end":{"line":290,"column":9},"skip":true},"66":{"start":{"line":289,"column":12},"end":{"line":289,"column":18},"skip":true},"67":{"start":{"line":291,"column":8},"end":{"line":293,"column":54},"skip":true},"68":{"start":{"line":294,"column":8},"end":{"line":301,"column":37},"skip":true},"69":{"start":{"line":302,"column":8},"end":{"line":302,"column":82},"skip":true},"70":{"start":{"line":305,"column":8},"end":{"line":307,"column":9},"skip":true},"71":{"start":{"line":306,"column":12},"end":{"line":306,"column":82},"skip":true},"72":{"start":{"line":309,"column":8},"end":{"line":311,"column":9},"skip":true},"73":{"start":{"line":310,"column":12},"end":{"line":310,"column":18},"skip":true},"74":{"start":{"line":312,"column":8},"end":{"line":312,"column":54},"skip":true},"75":{"start":{"line":313,"column":8},"end":{"line":313,"column":69},"skip":true},"76":{"start":{"line":314,"column":8},"end":{"line":322,"column":36},"skip":true},"77":{"start":{"line":315,"column":12},"end":{"line":315,"column":61},"skip":true},"78":{"start":{"line":316,"column":12},"end":{"line":319,"column":13},"skip":true},"79":{"start":{"line":317,"column":16},"end":{"line":317,"column":75},"skip":true},"80":{"start":{"line":318,"column":16},"end":{"line":318,"column":23},"skip":true},"81":{"start":{"line":320,"column":12},"end":{"line":320,"column":38},"skip":true},"82":{"start":{"line":321,"column":12},"end":{"line":321,"column":27},"skip":true},"83":{"start":{"line":323,"column":8},"end":{"line":323,"column":14},"skip":true}},"branchMap":{"1":{"line":39,"type":"binary-expr","locations":[{"start":{"line":39,"column":23},"end":{"line":39,"column":62}},{"start":{"line":40,"column":20},"end":{"line":40,"column":70}},{"start":{"line":41,"column":20},"end":{"line":41,"column":71}},{"start":{"line":42,"column":20},"end":{"line":42,"column":29}}]},"2":{"line":44,"type":"binary-expr","locations":[{"start":{"line":44,"column":23},"end":{"line":44,"column":37}},{"start":{"line":45,"column":20},"end":{"line":45,"column":61}},{"start":{"line":46,"column":20},"end":{"line":46,"column":70}},{"start":{"line":47,"column":20},"end":{"line":47,"column":26}}]},"3":{"line":51,"type":"cond-expr","locations":[{"start":{"line":52,"column":14},"end":{"line":52,"column":20}},{"start":{"line":53,"column":14},"end":{"line":53,"column":20}}]},"4":{"line":55,"type":"binary-expr","locations":[{"start":{"line":55,"column":16},"end":{"line":55,"column":44}},{"start":{"line":55,"column":49},"end":{"line":57,"column":43}}]},"5":{"line":55,"type":"cond-expr","locations":[{"start":{"line":56,"column":14},"end":{"line":56,"column":54}},{"start":{"line":57,"column":14},"end":{"line":57,"column":43}}]},"6":{"line":61,"type":"switch","locations":[{"start":{"line":68,"column":4},"end":{"line":150,"column":14},"skip":true},{"start":{"line":156,"column":4},"end":{"line":323,"column":14},"skip":true}]},"7":{"line":70,"type":"if","locations":[{"start":{"line":70,"column":12},"end":{"line":70,"column":12},"skip":true},{"start":{"line":70,"column":12},"end":{"line":70,"column":12},"skip":true}]},"8":{"line":70,"type":"binary-expr","locations":[{"start":{"line":70,"column":16},"end":{"line":70,"column":22},"skip":true},{"start":{"line":70,"column":27},"end":{"line":70,"column":32},"skip":true},{"start":{"line":71,"column":20},"end":{"line":71,"column":39},"skip":true},{"start":{"line":72,"column":20},"end":{"line":72,"column":49},"skip":true},{"start":{"line":73,"column":20},"end":{"line":73,"column":58},"skip":true},{"start":{"line":74,"column":20},"end":{"line":74,"column":69},"skip":true}]},"9":{"line":79,"type":"switch","locations":[{"start":{"line":80,"column":20},"end":{"line":80,"column":33},"skip":true},{"start":{"line":81,"column":20},"end":{"line":83,"column":30},"skip":true},{"start":{"line":84,"column":20},"end":{"line":85,"column":49},"skip":true}]},"10":{"line":89,"type":"switch","locations":[{"start":{"line":90,"column":12},"end":{"line":103,"column":22},"skip":true},{"start":{"line":105,"column":12},"end":{"line":106,"column":22},"skip":true}]},"11":{"line":89,"type":"binary-expr","locations":[{"start":{"line":89,"column":20},"end":{"line":89,"column":25},"skip":true},{"start":{"line":89,"column":29},"end":{"line":89,"column":48},"skip":true},{"start":{"line":89,"column":52},"end":{"line":89,"column":74},"skip":true}]},"12":{"line":92,"type":"if","locations":[{"start":{"line":92,"column":16},"end":{"line":92,"column":16},"skip":true},{"start":{"line":92,"column":16},"end":{"line":92,"column":16},"skip":true}]},"13":{"line":108,"type":"if","locations":[{"start":{"line":108,"column":12},"end":{"line":108,"column":12},"skip":true},{"start":{"line":108,"column":12},"end":{"line":108,"column":12},"skip":true}]},"14":{"line":108,"type":"binary-expr","locations":[{"start":{"line":108,"column":16},"end":{"line":108,"column":61},"skip":true},{"start":{"line":108,"column":66},"end":{"line":108,"column":72},"skip":true},{"start":{"line":108,"column":77},"end":{"line":108,"column":82},"skip":true},{"start":{"line":109,"column":20},"end":{"line":109,"column":39},"skip":true},{"start":{"line":110,"column":20},"end":{"line":110,"column":49},"skip":true},{"start":{"line":111,"column":20},"end":{"line":111,"column":58},"skip":true},{"start":{"line":112,"column":20},"end":{"line":112,"column":68},"skip":true}]},"15":{"line":129,"type":"if","locations":[{"start":{"line":129,"column":16},"end":{"line":129,"column":16},"skip":true},{"start":{"line":129,"column":16},"end":{"line":129,"column":16},"skip":true}]},"16":{"line":134,"type":"cond-expr","locations":[{"start":{"line":135,"column":26},"end":{"line":135,"column":29},"skip":true},{"start":{"line":136,"column":26},"end":{"line":136,"column":54},"skip":true}]},"17":{"line":164,"type":"binary-expr","locations":[{"start":{"line":164,"column":27},"end":{"line":164,"column":43},"skip":true},{"start":{"line":164,"column":47},"end":{"line":164,"column":49},"skip":true}]},"18":{"line":258,"type":"if","locations":[{"start":{"line":258,"column":8},"end":{"line":258,"column":8},"skip":true},{"start":{"line":258,"column":8},"end":{"line":258,"column":8},"skip":true}]},"19":{"line":275,"type":"switch","locations":[{"start":{"line":276,"column":20},"end":{"line":277,"column":64},"skip":true},{"start":{"line":278,"column":20},"end":{"line":279,"column":40},"skip":true},{"start":{"line":280,"column":20},"end":{"line":281,"column":40},"skip":true},{"start":{"line":282,"column":20},"end":{"line":283,"column":39},"skip":true}]},"20":{"line":288,"type":"if","locations":[{"start":{"line":288,"column":8},"end":{"line":288,"column":8},"skip":true},{"start":{"line":288,"column":8},"end":{"line":288,"column":8},"skip":true}]},"21":{"line":288,"type":"binary-expr","locations":[{"start":{"line":288,"column":12},"end":{"line":288,"column":40},"skip":true},{"start":{"line":288,"column":44},"end":{"line":288,"column":67},"skip":true}]},"22":{"line":292,"type":"binary-expr","locations":[{"start":{"line":292,"column":12},"end":{"line":292,"column":50},"skip":true},{"start":{"line":293,"column":12},"end":{"line":293,"column":53},"skip":true}]},"23":{"line":295,"type":"binary-expr","locations":[{"start":{"line":295,"column":12},"end":{"line":295,"column":68},"skip":true},{"start":{"line":296,"column":12},"end":{"line":301,"column":36},"skip":true}]},"24":{"line":302,"type":"binary-expr","locations":[{"start":{"line":302,"column":43},"end":{"line":302,"column":75},"skip":true},{"start":{"line":302,"column":79},"end":{"line":302,"column":81},"skip":true}]},"25":{"line":305,"type":"if","locations":[{"start":{"line":305,"column":8},"end":{"line":305,"column":8},"skip":true},{"start":{"line":305,"column":8},"end":{"line":305,"column":8},"skip":true}]},"26":{"line":309,"type":"if","locations":[{"start":{"line":309,"column":8},"end":{"line":309,"column":8},"skip":true},{"start":{"line":309,"column":8},"end":{"line":309,"column":8},"skip":true}]},"27":{"line":312,"type":"binary-expr","locations":[{"start":{"line":312,"column":27},"end":{"line":312,"column":43},"skip":true},{"start":{"line":312,"column":47},"end":{"line":312,"column":53},"skip":true}]},"28":{"line":316,"type":"if","locations":[{"start":{"line":316,"column":12},"end":{"line":316,"column":12},"skip":true},{"start":{"line":316,"column":12},"end":{"line":316,"column":12},"skip":true}]}},"code":["/*","example.js","","quickstart example","","instruction","    1. save this script as example.js","    2. run the shell command:","        $ npm install npmtest-geolocator && PORT=8081 node example.js","    3. play with the browser-demo on http://127.0.0.1:8081","*/","","","","/* istanbul instrument in package npmtest_geolocator */","/*jslint","    bitwise: true,","    browser: true,","    maxerr: 8,","    maxlen: 96,","    node: true,","    nomen: true,","    regexp: true,","    stupid: true","*/","(function () {","    'use strict';","    var local;","","","","    // run shared js-env code - pre-init","    (function () {","        // init local","        local = {};","        // init modeJs","        local.modeJs = (function () {","            try {","                return typeof navigator.userAgent === 'string' &&","                    typeof document.querySelector('body') === 'object' &&","                    typeof XMLHttpRequest.prototype.open === 'function' &&","                    'browser';","            } catch (errorCaughtBrowser) {","                return module.exports &&","                    typeof process.versions.node === 'string' &&","                    typeof require('http').createServer === 'function' &&","                    'node';","            }","        }());","        // init global","        local.global = local.modeJs === 'browser'","            ? window","            : global;","        // init utility2_rollup","        local = local.global.utility2_rollup || (local.modeJs === 'browser'","            ? local.global.utility2_npmtest_geolocator","            : global.utility2_moduleExports);","        // export local","        local.global.local = local;","    }());","    switch (local.modeJs) {","","","","    // post-init","    // run browser js-env code - post-init","    /* istanbul ignore next */","    case 'browser':","        local.testRunBrowser = function (event) {","            if (!event || (event &&","                    event.currentTarget &&","                    event.currentTarget.className &&","                    event.currentTarget.className.includes &&","                    event.currentTarget.className.includes('onreset'))) {","                // reset output","                Array.from(","                    document.querySelectorAll('body > .resettable')","                ).forEach(function (element) {","                    switch (element.tagName) {","                    case 'INPUT':","                    case 'TEXTAREA':","                        element.value = '';","                        break;","                    default:","                        element.textContent = '';","                    }","                });","            }","            switch (event && event.currentTarget && event.currentTarget.id) {","            case 'testRunButton1':","                // show tests","                if (document.querySelector('#testReportDiv1').style.display === 'none') {","                    document.querySelector('#testReportDiv1').style.display = 'block';","                    document.querySelector('#testRunButton1').textContent =","                        'hide internal test';","                    local.modeTest = true;","                    local.testRunDefault(local);","                // hide tests","                } else {","                    document.querySelector('#testReportDiv1').style.display = 'none';","                    document.querySelector('#testRunButton1').textContent = 'run internal test';","                }","                break;","            // custom-case","            default:","                break;","            }","            if (document.querySelector('#inputTextareaEval1') && (!event || (event &&","                    event.currentTarget &&","                    event.currentTarget.className &&","                    event.currentTarget.className.includes &&","                    event.currentTarget.className.includes('oneval')))) {","                // try to eval input-code","                try {","                    /*jslint evil: true*/","                    eval(document.querySelector('#inputTextareaEval1').value);","                } catch (errorCaught) {","                    console.error(errorCaught);","                }","            }","        };","        // log stderr and stdout to #outputTextareaStdout1","        ['error', 'log'].forEach(function (key) {","            console[key + '_original'] = console[key];","            console[key] = function () {","                var element;","                console[key + '_original'].apply(console, arguments);","                element = document.querySelector('#outputTextareaStdout1');","                if (!element) {","                    return;","                }","                // append text to #outputTextareaStdout1","                element.value += Array.from(arguments).map(function (arg) {","                    return typeof arg === 'string'","                        ? arg","                        : JSON.stringify(arg, null, 4);","                }).join(' ') + '\\n';","                // scroll textarea to bottom","                element.scrollTop = element.scrollHeight;","            };","        });","        // init event-handling","        ['change', 'click', 'keyup'].forEach(function (event) {","            Array.from(document.querySelectorAll('.on' + event)).forEach(function (element) {","                element.addEventListener(event, local.testRunBrowser);","            });","        });","        // run tests","        local.testRunBrowser();","        break;","","","","    // run node js-env code - post-init","    /* istanbul ignore next */","    case 'node':","        // export local","        module.exports = local;","        // require modules","        local.fs = require('fs');","        local.http = require('http');","        local.url = require('url');","        // init assets","        local.assetsDict = local.assetsDict || {};","        /* jslint-ignore-begin */","        local.assetsDict['/assets.index.template.html'] = '\\","<!doctype html>\\n\\","<html lang=\"en\">\\n\\","<head>\\n\\","<meta charset=\"UTF-8\">\\n\\","<meta name=\"viewport\" content=\"width=device-width, initial-scale=1\">\\n\\","<title>{{env.npm_package_name}} (v{{env.npm_package_version}})</title>\\n\\","<style>\\n\\","/*csslint\\n\\","    box-sizing: false,\\n\\","    universal-selector: false\\n\\","*/\\n\\","* {\\n\\","    box-sizing: border-box;\\n\\","}\\n\\","body {\\n\\","    background: #dde;\\n\\","    font-family: Arial, Helvetica, sans-serif;\\n\\","    margin: 2rem;\\n\\","}\\n\\","body > * {\\n\\","    margin-bottom: 1rem;\\n\\","}\\n\\",".utility2FooterDiv {\\n\\","    margin-top: 20px;\\n\\","    text-align: center;\\n\\","}\\n\\","</style>\\n\\","<style>\\n\\","/*csslint\\n\\","*/\\n\\","textarea {\\n\\","    font-family: monospace;\\n\\","    height: 10rem;\\n\\","    width: 100%;\\n\\","}\\n\\","textarea[readonly] {\\n\\","    background: #ddd;\\n\\","}\\n\\","</style>\\n\\","</head>\\n\\","<body>\\n\\","<!-- utility2-comment\\n\\","<div id=\"ajaxProgressDiv1\" style=\"background: #d00; height: 2px; left: 0; margin: 0; padding: 0; position: fixed; top: 0; transition: background 0.5s, width 1.5s; width: 25%;\"></div>\\n\\","utility2-comment -->\\n\\","<h1>\\n\\","<!-- utility2-comment\\n\\","    <a\\n\\","        {{#if env.npm_package_homepage}}\\n\\","        href=\"{{env.npm_package_homepage}}\"\\n\\","        {{/if env.npm_package_homepage}}\\n\\","        target=\"_blank\"\\n\\","    >\\n\\","utility2-comment -->\\n\\","        {{env.npm_package_name}} (v{{env.npm_package_version}})\\n\\","<!-- utility2-comment\\n\\","    </a>\\n\\","utility2-comment -->\\n\\","</h1>\\n\\","<h3>{{env.npm_package_description}}</h3>\\n\\","<!-- utility2-comment\\n\\","<h4><a download href=\"assets.app.js\">download standalone app</a></h4>\\n\\","<button class=\"onclick onreset\" id=\"testRunButton1\">run internal test</button><br>\\n\\","<div id=\"testReportDiv1\" style=\"display: none;\"></div>\\n\\","utility2-comment -->\\n\\","\\n\\","\\n\\","\\n\\","<label>stderr and stdout</label>\\n\\","<textarea class=\"resettable\" id=\"outputTextareaStdout1\" readonly></textarea>\\n\\","<!-- utility2-comment\\n\\","{{#if isRollup}}\\n\\","<script src=\"assets.app.js\"></script>\\n\\","{{#unless isRollup}}\\n\\","utility2-comment -->\\n\\","<script src=\"assets.utility2.rollup.js\"></script>\\n\\","<script src=\"jsonp.utility2._stateInit?callback=window.utility2._stateInit\"></script>\\n\\","<script src=\"assets.npmtest_geolocator.rollup.js\"></script>\\n\\","<script src=\"assets.example.js\"></script>\\n\\","<script src=\"assets.test.js\"></script>\\n\\","<!-- utility2-comment\\n\\","{{/if isRollup}}\\n\\","utility2-comment -->\\n\\","<div class=\"utility2FooterDiv\">\\n\\","    [ this app was created with\\n\\","    <a href=\"https://github.com/kaizhu256/node-utility2\" target=\"_blank\">utility2</a>\\n\\","    ]\\n\\","</div>\\n\\","</body>\\n\\","</html>\\n\\","';","        /* jslint-ignore-end */","        if (local.templateRender) {","            local.assetsDict['/'] = local.templateRender(","                local.assetsDict['/assets.index.template.html'],","                {","                    env: local.objectSetDefault(local.env, {","                        npm_package_description: 'the greatest app in the world!',","                        npm_package_name: 'my-app',","                        npm_package_nameAlias: 'my_app',","                        npm_package_version: '0.0.1'","                    })","                }","            );","        } else {","            local.assetsDict['/'] = local.assetsDict['/assets.index.template.html']","                .replace((/\\{\\{env\\.(\\w+?)\\}\\}/g), function (match0, match1) {","                    // jslint-hack","                    String(match0);","                    switch (match1) {","                    case 'npm_package_description':","                        return 'the greatest app in the world!';","                    case 'npm_package_name':","                        return 'my-app';","                    case 'npm_package_nameAlias':","                        return 'my_app';","                    case 'npm_package_version':","                        return '0.0.1';","                    }","                });","        }","        // run the cli","        if (local.global.utility2_rollup || module !== require.main) {","            break;","        }","        local.assetsDict['/assets.example.js'] =","            local.assetsDict['/assets.example.js'] ||","            local.fs.readFileSync(__filename, 'utf8');","        local.assetsDict['/assets.npmtest_geolocator.rollup.js'] =","            local.assetsDict['/assets.npmtest_geolocator.rollup.js'] ||","            local.fs.readFileSync(","                // buildCustomOrg-hack","                local.npmtest_geolocator.__dirname +","                    '/lib.npmtest_geolocator.js',","                'utf8'","            ).replace((/^#!/), '//');","        local.assetsDict['/favicon.ico'] = local.assetsDict['/favicon.ico'] || '';","        // if $npm_config_timeout_exit exists,","        // then exit this process after $npm_config_timeout_exit ms","        if (Number(process.env.npm_config_timeout_exit)) {","            setTimeout(process.exit, Number(process.env.npm_config_timeout_exit));","        }","        // start server","        if (local.global.utility2_serverHttp1) {","            break;","        }","        process.env.PORT = process.env.PORT || '8081';","        console.error('server starting on port ' + process.env.PORT);","        local.http.createServer(function (request, response) {","            request.urlParsed = local.url.parse(request.url);","            if (local.assetsDict[request.urlParsed.pathname] !== undefined) {","                response.end(local.assetsDict[request.urlParsed.pathname]);","                return;","            }","            response.statusCode = 404;","            response.end();","        }).listen(process.env.PORT);","        break;","    }","}());",""],"l":{"26":2,"28":2,"33":2,"35":2,"37":2,"38":2,"39":2,"44":1,"51":2,"55":2,"59":2,"61":2,"69":1,"70":2,"76":2,"79":2,"82":2,"83":2,"85":1,"89":2,"92":1,"93":1,"94":1,"96":1,"97":1,"100":1,"101":1,"103":1,"106":1,"108":2,"114":1,"116":1,"118":1,"123":1,"124":2,"125":2,"126":2,"127":2,"128":2,"129":2,"130":1,"133":2,"134":2,"139":2,"143":1,"144":3,"145":1,"149":1,"150":1,"158":1,"160":1,"161":1,"162":1,"164":1,"166":1,"258":1,"259":1,"271":1,"274":6,"275":6,"277":1,"279":2,"281":1,"283":2,"288":1,"289":1,"291":1,"294":1,"302":1,"305":1,"306":1,"309":1,"310":1,"312":1,"313":1,"314":1,"315":1,"316":1,"317":1,"318":1,"320":1,"321":1,"323":1}},"/home/travis/build/npmtest/node-npmtest-geolocator/node_modules/geolocator/dist/geolocator.js":{"path":"/home/travis/build/npmtest/node-npmtest-geolocator/node_modules/geolocator/dist/geolocator.js","s":{"1":1,"2":1,"3":1,"4":0,"5":0,"6":0,"7":0,"8":0,"9":1,"10":1,"11":1,"12":15,"13":7,"14":8,"15":8,"16":8,"17":8,"18":1,"19":1,"20":1,"21":0,"22":1,"23":0,"24":0,"25":1,"26":0,"27":0,"28":0,"29":0,"30":0,"31":1,"32":0,"33":1,"34":1,"35":1,"36":1,"37":9,"38":0,"39":1,"40":1,"41":0,"42":1,"43":0,"44":8,"45":8,"46":6,"47":6,"48":0,"49":1,"50":6,"51":0,"52":0,"53":0,"54":0,"55":0,"56":0,"57":0,"58":0,"59":0,"60":0,"61":0,"62":0,"63":0,"64":0,"65":0,"66":0,"67":0,"68":0,"69":0,"70":0,"71":0,"72":0,"73":0,"74":0,"75":0,"76":0,"77":0,"78":0,"79":0,"80":0,"81":0,"82":0,"83":0,"84":0,"85":0,"86":0,"87":0,"88":0,"89":0,"90":0,"91":0,"92":0,"93":0,"94":0,"95":0,"96":0,"97":0,"98":0,"99":0,"100":0,"101":0,"102":0,"103":0,"104":0,"105":0,"106":0,"107":2,"108":0,"109":2,"110":2,"111":2,"112":2,"113":2,"114":6,"115":6,"116":0,"117":6,"118":0,"119":6,"120":0,"121":6,"122":1,"123":5,"124":2,"125":0,"126":0,"127":0,"128":0,"129":0,"130":0,"131":0,"132":0,"133":0,"134":0,"135":0,"136":0,"137":0,"138":0,"139":0,"140":0,"141":0,"142":0,"143":0,"144":0,"145":0,"146":0,"147":0,"148":0,"149":0,"150":1,"151":1,"152":1,"153":1,"154":1,"155":1,"156":1,"157":0,"158":0,"159":1,"160":1,"161":1,"162":4,"163":4,"164":4,"165":4,"166":4,"167":4,"168":1,"169":1,"170":0,"171":1,"172":1,"173":1,"174":1,"175":1,"176":1,"177":1,"178":1,"179":0,"180":0,"181":1,"182":1,"183":0,"184":0,"185":0,"186":0,"187":0,"188":0,"189":0,"190":0,"191":0,"192":0,"193":1,"194":0,"195":0,"196":0,"197":0,"198":0,"199":0,"200":0,"201":0,"202":0,"203":0,"204":0,"205":0,"206":0,"207":0,"208":0,"209":0,"210":0,"211":0,"212":0,"213":0,"214":0,"215":0,"216":0,"217":0,"218":0,"219":0,"220":0,"221":0,"222":0,"223":0,"224":0,"225":0,"226":0,"227":0,"228":0,"229":0,"230":0,"231":0,"232":0,"233":0,"234":0,"235":0,"236":0,"237":0,"238":0,"239":0,"240":0,"241":0,"242":0,"243":0,"244":0,"245":0,"246":0,"247":0,"248":0,"249":0,"250":1,"251":1,"252":0,"253":0,"254":1,"255":1,"256":0,"257":1,"258":1,"259":0,"260":0,"261":0,"262":0,"263":0,"264":0,"265":0,"266":0,"267":0,"268":1,"269":0,"270":0,"271":0,"272":0,"273":0,"274":0,"275":0,"276":0,"277":1,"278":1,"279":1,"280":1,"281":1,"282":6,"283":6,"284":6,"285":6,"286":6,"287":6,"288":1,"289":1,"290":0,"291":1,"292":1,"293":1,"294":1,"295":1,"296":1,"297":1,"298":1,"299":0,"300":0,"301":1,"302":1,"303":0,"304":1,"305":0,"306":0,"307":0,"308":0,"309":0,"310":0,"311":0,"312":0,"313":0,"314":0,"315":0,"316":0,"317":0,"318":0,"319":1,"320":0,"321":0,"322":0,"323":0,"324":0,"325":0,"326":0,"327":0,"328":0,"329":0,"330":0,"331":0,"332":0,"333":0,"334":0,"335":0,"336":0,"337":0,"338":0,"339":0,"340":0,"341":0,"342":0,"343":0,"344":0,"345":0,"346":0,"347":0,"348":0,"349":0,"350":0,"351":0,"352":0,"353":0,"354":0,"355":0,"356":0,"357":0,"358":0,"359":0,"360":0,"361":0,"362":0,"363":0,"364":0,"365":0,"366":0,"367":0,"368":0,"369":0,"370":0,"371":0,"372":0,"373":0,"374":0,"375":0,"376":0,"377":0,"378":0,"379":0,"380":0,"381":0,"382":0,"383":0,"384":0,"385":0,"386":0,"387":0,"388":0,"389":0,"390":0,"391":0,"392":0,"393":0,"394":0,"395":0,"396":0,"397":0,"398":0,"399":0,"400":0,"401":0,"402":0,"403":0,"404":1,"405":1,"406":0,"407":0,"408":0,"409":1,"410":1,"411":1,"412":1,"413":0,"414":0,"415":1,"416":1,"417":1,"418":33,"419":33,"420":33,"421":33,"422":25,"423":33,"424":1,"425":1,"426":0,"427":1,"428":1,"429":1,"430":1,"431":1,"432":1,"433":1,"434":1,"435":1,"436":1,"437":1,"438":1,"439":1,"440":1,"441":1,"442":1,"443":6,"444":1,"445":0,"446":0,"447":1,"448":1,"449":1,"450":1,"451":1,"452":0,"453":1,"454":0,"455":0,"456":0,"457":0,"458":0,"459":0,"460":0,"461":0,"462":0,"463":0,"464":0,"465":0,"466":0,"467":0,"468":0,"469":0,"470":0,"471":0,"472":0,"473":0,"474":0,"475":0,"476":0,"477":0,"478":0,"479":0,"480":0,"481":0,"482":0,"483":0,"484":0,"485":0,"486":0,"487":0,"488":0,"489":0,"490":0,"491":0,"492":0,"493":0,"494":0,"495":0,"496":0,"497":0,"498":0,"499":0,"500":0,"501":0,"502":0,"503":0,"504":0,"505":0,"506":0,"507":0,"508":0,"509":0,"510":0,"511":0,"512":0,"513":0,"514":1,"515":0,"516":0,"517":0,"518":0,"519":0,"520":0,"521":1,"522":0,"523":1,"524":0,"525":0,"526":0,"527":0,"528":0,"529":0,"530":0,"531":0,"532":0,"533":0,"534":0,"535":0,"536":0,"537":0,"538":0,"539":0,"540":0,"541":0,"542":0,"543":0,"544":0,"545":0,"546":0,"547":0,"548":0,"549":0,"550":0,"551":0,"552":0,"553":0,"554":0,"555":0,"556":0,"557":0,"558":0,"559":0,"560":0,"561":0,"562":0,"563":0,"564":0,"565":0,"566":0,"567":0,"568":0,"569":0,"570":0,"571":0,"572":0,"573":0,"574":0,"575":1,"576":0,"577":1,"578":0,"579":1,"580":0,"581":0,"582":0,"583":0,"584":0,"585":0,"586":0,"587":1,"588":0,"589":0,"590":0,"591":0,"592":0,"593":0,"594":0,"595":0,"596":1,"597":0,"598":0,"599":0,"600":0,"601":0,"602":0,"603":0,"604":0,"605":0,"606":0,"607":0,"608":0,"609":0,"610":0,"611":0,"612":0,"613":0,"614":0,"615":0,"616":0,"617":0,"618":0,"619":0,"620":0,"621":0,"622":0,"623":0,"624":0,"625":0,"626":0,"627":0,"628":0,"629":0,"630":0,"631":0,"632":0,"633":0,"634":0,"635":0,"636":0,"637":0,"638":0,"639":0,"640":0,"641":0,"642":0,"643":0,"644":0,"645":0,"646":0,"647":0,"648":0,"649":0,"650":0,"651":0,"652":0,"653":0,"654":0,"655":0,"656":0,"657":0,"658":0,"659":0,"660":0,"661":0,"662":0,"663":0,"664":0,"665":0,"666":0,"667":0,"668":0,"669":0,"670":0,"671":0,"672":0,"673":0,"674":0,"675":0,"676":0,"677":0,"678":1,"679":1,"680":0,"681":1,"682":0,"683":0,"684":0,"685":0,"686":0,"687":0,"688":1,"689":0,"690":0,"691":0,"692":1,"693":0,"694":0,"695":0,"696":0,"697":0,"698":0,"699":0,"700":0,"701":1,"702":0,"703":0,"704":0,"705":0,"706":0,"707":0,"708":0,"709":0,"710":0,"711":0,"712":0,"713":0,"714":0,"715":0,"716":0,"717":0,"718":0,"719":0,"720":0,"721":0,"722":1,"723":0,"724":0,"725":0,"726":0,"727":0,"728":0,"729":0,"730":0,"731":0,"732":0,"733":0,"734":0,"735":0,"736":0,"737":1,"738":0,"739":0,"740":0,"741":0,"742":0,"743":0,"744":0,"745":0,"746":0,"747":0,"748":0,"749":0,"750":1,"751":0,"752":0,"753":1,"754":0,"755":0,"756":0,"757":1,"758":0,"759":0,"760":0,"761":0,"762":0,"763":0,"764":0,"765":0,"766":0,"767":0,"768":0,"769":0,"770":0,"771":0,"772":0,"773":0,"774":0,"775":0,"776":0,"777":0,"778":1,"779":0,"780":1,"781":0,"782":0,"783":0,"784":0,"785":0,"786":0,"787":0,"788":0,"789":0,"790":0,"791":0,"792":0,"793":1,"794":0,"795":0,"796":1,"797":1,"798":1,"799":1,"800":1,"801":1,"802":1,"803":1,"804":1,"805":1,"806":1,"807":1,"808":1,"809":4,"810":1,"811":0,"812":0,"813":0,"814":0,"815":0,"816":0,"817":0,"818":0,"819":0,"820":0,"821":0,"822":0,"823":0,"824":0,"825":0,"826":0,"827":0,"828":0,"829":0,"830":0,"831":0,"832":0,"833":0,"834":0,"835":0,"836":0,"837":0,"838":0,"839":0,"840":0,"841":0,"842":0,"843":0,"844":0,"845":0,"846":0,"847":0,"848":0,"849":0,"850":0,"851":0,"852":0,"853":0,"854":0,"855":0,"856":0,"857":0,"858":0,"859":0,"860":0,"861":0,"862":0,"863":0,"864":0,"865":0,"866":0,"867":0,"868":0,"869":0,"870":0,"871":0,"872":0,"873":0,"874":0,"875":0,"876":0,"877":0,"878":0,"879":0,"880":0,"881":0,"882":0,"883":0,"884":0,"885":0,"886":0,"887":0,"888":0,"889":0,"890":0,"891":0,"892":0,"893":1,"894":1,"895":1,"896":1,"897":1,"898":2,"899":2,"900":2,"901":2,"902":2,"903":2,"904":1,"905":1,"906":1,"907":1,"908":0,"909":1,"910":1,"911":1,"912":1,"913":1,"914":1,"915":0,"916":0,"917":1,"918":1,"919":0,"920":0,"921":0,"922":0,"923":0,"924":0,"925":0,"926":0,"927":0,"928":0,"929":0,"930":0,"931":0,"932":0,"933":0,"934":1,"935":0,"936":0,"937":0,"938":0,"939":0,"940":0,"941":0,"942":0,"943":0,"944":0,"945":0,"946":0,"947":0,"948":0,"949":0,"950":0,"951":0,"952":0,"953":1,"954":1,"955":1,"956":1,"957":1,"958":1,"959":1,"960":0,"961":1},"b":{"1":[1,0],"2":[1,1],"3":[0,0],"4":[0,0],"5":[0,0],"6":[7,8],"7":[0,0],"8":[0,0],"9":[0,0],"10":[1,0],"11":[1,1],"12":[0,0],"13":[0,0,0,0],"14":[1,1],"15":[0,8],"16":[8,6,3],"17":[6,4],"18":[0,0],"19":[1,1,1],"20":[0,1],"21":[6,4],"22":[0,0],"23":[0,0,0],"24":[0,0],"25":[0,0],"26":[0,0,0],"27":[0,0],"28":[0,0],"29":[0,0,0],"30":[0,0],"31":[0,0],"32":[0,0],"33":[0,0],"34":[0,0],"35":[0,0],"36":[0,0],"37":[0,0],"38":[0,0],"39":[0,0],"40":[0,0],"41":[0,0],"42":[0,0],"43":[0,0],"44":[0,0],"45":[0,0],"46":[0,0],"47":[0,0],"48":[0,0],"49":[0,0,0,0],"50":[0,0],"51":[0,0],"52":[0,0],"53":[0,0],"54":[0,0],"55":[0,2],"56":[0,6],"57":[0,6],"58":[0,6],"59":[1,5],"60":[0,0],"61":[0,0],"62":[0,0],"63":[0,0,0],"64":[0,0],"65":[0,0],"66":[0,0],"67":[0,0],"68":[1,0],"69":[1,1],"70":[0,0],"71":[0,0,0,0],"72":[4,4],"73":[4,0],"74":[0,1],"75":[1,0],"76":[1,0],"77":[1,1],"78":[0,0],"79":[0,0],"80":[0,0],"81":[0,0],"82":[0,0],"83":[0,0],"84":[0,0],"85":[0,0],"86":[0,0,0,0],"87":[0,0],"88":[0,0],"89":[0,0],"90":[0,0],"91":[0,0],"92":[0,0],"93":[0,0],"94":[0,0],"95":[0,0],"96":[0,0],"97":[0,0],"98":[0,0],"99":[0,0],"100":[0,0],"101":[0,0],"102":[0,0,0,0,0,0],"103":[0,0],"104":[0,0],"105":[0,0,0],"106":[0,0],"107":[0,0],"108":[0,0],"109":[0,0],"110":[0,0],"111":[0,0],"112":[0,0],"113":[0,0,0],"114":[0,0],"115":[0,0],"116":[0,0],"117":[0,0],"118":[0,0],"119":[0,0],"120":[1,0],"121":[0,0],"122":[0,0],"123":[0,0],"124":[0,0],"125":[0,0,0,0,0,0,0],"126":[6,6],"127":[6,0],"128":[0,1],"129":[1,0],"130":[1,0],"131":[1,1],"132":[0,0],"133":[0,0],"134":[0,0],"135":[0,0],"136":[0,0],"137":[0,0],"138":[0,0],"139":[0,0,0,0],"140":[0,0],"141":[0,0],"142":[0,0],"143":[0,0],"144":[0,0],"145":[0,0],"146":[0,0],"147":[0,0,0],"148":[0,0],"149":[0,0],"150":[0,0],"151":[0,0],"152":[0,0],"153":[0,0],"154":[0,0],"155":[0,0],"156":[0,0],"157":[0,0],"158":[0,0],"159":[0,0],"160":[0,0],"161":[0,0],"162":[0,0],"163":[0,0],"164":[0,0],"165":[0,0],"166":[0,0],"167":[0,0],"168":[0,0],"169":[0,0],"170":[0,0],"171":[0,0],"172":[0,0],"173":[0,0],"174":[0,0],"175":[0,0],"176":[0,0],"177":[0,0],"178":[0,0],"179":[0,0],"180":[1,0],"181":[1,1],"182":[0,0],"183":[0,0,0,0],"184":[33,33],"185":[25,8],"186":[0,1],"187":[1,0],"188":[6,0],"189":[6,6],"190":[0,0],"191":[0,0],"192":[0,0],"193":[0,0],"194":[0,0],"195":[0,0],"196":[0,0],"197":[0,0],"198":[0,0],"199":[0,0],"200":[0,0],"201":[0,0],"202":[0,0],"203":[0,0],"204":[0,0],"205":[0,0],"206":[0,0],"207":[0,0],"208":[0,0],"209":[0,0],"210":[0,0],"211":[0,0],"212":[0,0],"213":[0,0,0],"214":[0,0],"215":[0,0],"216":[0,0],"217":[0,0],"218":[0,0],"219":[0,0],"220":[0,0],"221":[0,0],"222":[0,0],"223":[0,0],"224":[0,0],"225":[0,0],"226":[0,0],"227":[0,0],"228":[0,0],"229":[0,0],"230":[0,0],"231":[0,0],"232":[0,0],"233":[0,0],"234":[0,0],"235":[0,0],"236":[0,0],"237":[0,0],"238":[0,1],"239":[0,1],"240":[0,0],"241":[0,0],"242":[0,0],"243":[0,0],"244":[0,0],"245":[0,0],"246":[0,0,0],"247":[0,0],"248":[0,0],"249":[0,0],"250":[0,0],"251":[0,0],"252":[0,0],"253":[0,0,0],"254":[0,0,0],"255":[0,0],"256":[0,0,0],"257":[0,0],"258":[0,0],"259":[0,0],"260":[0,0],"261":[0,0],"262":[0,0],"263":[0,0],"264":[0,0],"265":[0,0],"266":[0,0],"267":[0,0],"268":[0,0],"269":[0,0],"270":[0,0],"271":[0,0],"272":[0,0],"273":[0,0],"274":[0,0],"275":[0,0],"276":[0,0],"277":[0,0,0],"278":[0,0],"279":[0,0],"280":[0,0],"281":[0,0],"282":[0,0,0,0,0],"283":[0,0],"284":[0,0],"285":[0,0],"286":[0,0],"287":[0,0,0,0],"288":[0,0,0],"289":[0,0,0],"290":[0,0,0],"291":[0,0],"292":[0,0],"293":[0,0],"294":[0,0],"295":[0,0],"296":[0,0],"297":[0,0],"298":[0,0],"299":[0,0],"300":[0,0],"301":[0,0],"302":[0,0],"303":[0,0],"304":[0,0],"305":[0,0],"306":[0,0],"307":[0,0],"308":[0,0],"309":[0,0],"310":[0,0],"311":[0,0],"312":[0,0],"313":[0,0],"314":[0,0],"315":[0,0],"316":[0,0],"317":[0,0],"318":[0,0],"319":[0,0],"320":[0,0],"321":[0,0],"322":[0,0],"323":[0,0],"324":[4,0],"325":[4,4],"326":[0,0],"327":[0,0],"328":[0,0],"329":[0,0],"330":[0,0],"331":[0,0],"332":[0,0],"333":[0,0],"334":[0,0],"335":[0,0],"336":[0,0],"337":[0,0],"338":[0,0],"339":[0,0],"340":[0,0],"341":[0,0],"342":[0,0],"343":[0,0],"344":[0,0],"345":[0,0],"346":[0,0],"347":[0,0,0,0,0],"348":[0,0],"349":[0,0,0,0],"350":[0,0],"351":[0,0,0,0],"352":[0,0,0],"353":[0,0,0],"354":[0,0,0],"355":[0,0],"356":[0,0],"357":[0,0],"358":[0,0],"359":[0,0],"360":[0,0],"361":[0,0],"362":[0,0],"363":[0,0],"364":[0,0],"365":[0,0],"366":[0,0],"367":[0,0],"368":[0,0],"369":[0,0],"370":[0,0],"371":[0,0],"372":[0,0],"373":[0,0],"374":[0,0],"375":[0,0],"376":[0,0],"377":[0,0],"378":[0,0],"379":[0,0],"380":[2,2],"381":[2,0],"382":[1,0],"383":[0,1],"384":[1,0],"385":[1,1],"386":[0,0],"387":[0,0],"388":[0,0],"389":[0,0],"390":[0,0],"391":[0,0],"392":[0,0],"393":[0,0],"394":[0,0],"395":[0,0],"396":[0,0],"397":[0,0],"398":[0,0],"399":[0,0],"400":[1,0],"401":[1,1],"402":[0,1],"403":[1,0]},"f":{"1":1,"2":1,"3":1,"4":15,"5":0,"6":0,"7":0,"8":0,"9":0,"10":0,"11":1,"12":9,"13":0,"14":0,"15":0,"16":1,"17":0,"18":8,"19":6,"20":6,"21":0,"22":1,"23":6,"24":0,"25":0,"26":0,"27":0,"28":0,"29":0,"30":0,"31":0,"32":0,"33":0,"34":0,"35":0,"36":0,"37":0,"38":0,"39":0,"40":0,"41":0,"42":0,"43":2,"44":2,"45":0,"46":0,"47":0,"48":0,"49":0,"50":0,"51":1,"52":1,"53":0,"54":0,"55":1,"56":1,"57":1,"58":1,"59":0,"60":1,"61":0,"62":0,"63":0,"64":0,"65":0,"66":0,"67":0,"68":0,"69":1,"70":1,"71":1,"72":1,"73":1,"74":0,"75":1,"76":0,"77":0,"78":0,"79":0,"80":0,"81":0,"82":0,"83":0,"84":0,"85":0,"86":0,"87":0,"88":0,"89":0,"90":0,"91":0,"92":0,"93":1,"94":0,"95":0,"96":1,"97":1,"98":1,"99":6,"100":0,"101":1,"102":0,"103":0,"104":0,"105":0,"106":0,"107":0,"108":0,"109":0,"110":0,"111":0,"112":0,"113":0,"114":0,"115":0,"116":0,"117":1,"118":0,"119":0,"120":0,"121":0,"122":0,"123":0,"124":0,"125":0,"126":0,"127":0,"128":0,"129":0,"130":0,"131":0,"132":0,"133":0,"134":0,"135":0,"136":0,"137":0,"138":0,"139":0,"140":0,"141":0,"142":0,"143":0,"144":0,"145":0,"146":0,"147":0,"148":0,"149":0,"150":0,"151":0,"152":0,"153":0,"154":0,"155":0,"156":0,"157":0,"158":0,"159":0,"160":0,"161":0,"162":0,"163":0,"164":0,"165":0,"166":0,"167":0,"168":0,"169":0,"170":0,"171":1,"172":4,"173":0,"174":0,"175":0,"176":0,"177":0,"178":0,"179":0,"180":0,"181":0,"182":0,"183":0,"184":0,"185":0,"186":0,"187":0,"188":1,"189":1,"190":1,"191":1,"192":1,"193":0,"194":1,"195":0,"196":0,"197":0,"198":0,"199":0,"200":0,"201":1,"202":1},"fnMap":{"1":{"name":"webpackUniversalModuleDefinition","line":1,"loc":{"start":{"line":1,"column":1},"end":{"line":1,"column":58}}},"2":{"name":"(anonymous_2)","line":10,"loc":{"start":{"line":10,"column":9},"end":{"line":10,"column":20}}},"3":{"name":"(anonymous_3)","line":11,"loc":{"start":{"line":11,"column":17},"end":{"line":11,"column":35}}},"4":{"name":"__webpack_require__","line":16,"loc":{"start":{"line":16,"column":10},"end":{"line":16,"column":49}}},"5":{"name":"(anonymous_5)","line":47,"loc":{"start":{"line":47,"column":34},"end":{"line":47,"column":50}}},"6":{"name":"(anonymous_6)","line":50,"loc":{"start":{"line":50,"column":34},"end":{"line":50,"column":66}}},"7":{"name":"(anonymous_7)","line":61,"loc":{"start":{"line":61,"column":34},"end":{"line":61,"column":51}}},"8":{"name":"getDefault","line":63,"loc":{"start":{"line":63,"column":12},"end":{"line":63,"column":34}}},"9":{"name":"getModuleExports","line":64,"loc":{"start":{"line":64,"column":12},"end":{"line":64,"column":40}}},"10":{"name":"(anonymous_10)","line":70,"loc":{"start":{"line":70,"column":34},"end":{"line":70,"column":61}}},"11":{"name":"(anonymous_11)","line":81,"loc":{"start":{"line":81,"column":7},"end":{"line":81,"column":54}}},"12":{"name":"(anonymous_12)","line":90,"loc":{"start":{"line":90,"column":84},"end":{"line":90,"column":99}}},"13":{"name":"(anonymous_13)","line":90,"loc":{"start":{"line":90,"column":124},"end":{"line":90,"column":139}}},"14":{"name":"noop","line":104,"loc":{"start":{"line":104,"column":10},"end":{"line":104,"column":26}}},"15":{"name":"isString","line":118,"loc":{"start":{"line":118,"column":14},"end":{"line":118,"column":39}}},"16":{"name":"isStringSet","line":121,"loc":{"start":{"line":121,"column":17},"end":{"line":121,"column":45}}},"17":{"name":"isNumber","line":133,"loc":{"start":{"line":133,"column":14},"end":{"line":133,"column":39}}},"18":{"name":"isObject","line":145,"loc":{"start":{"line":145,"column":14},"end":{"line":145,"column":39}}},"19":{"name":"isFunction","line":158,"loc":{"start":{"line":158,"column":16},"end":{"line":158,"column":43}}},"20":{"name":"isArray","line":170,"loc":{"start":{"line":170,"column":13},"end":{"line":170,"column":37}}},"21":{"name":"isFilledArray","line":182,"loc":{"start":{"line":182,"column":19},"end":{"line":182,"column":49}}},"22":{"name":"isPlainObject","line":194,"loc":{"start":{"line":194,"column":19},"end":{"line":194,"column":49}}},"23":{"name":"isDate","line":206,"loc":{"start":{"line":206,"column":12},"end":{"line":206,"column":35}}},"24":{"name":"isElement","line":218,"loc":{"start":{"line":218,"column":15},"end":{"line":218,"column":42}}},"25":{"name":"isNode","line":231,"loc":{"start":{"line":231,"column":12},"end":{"line":231,"column":36}}},"26":{"name":"isJQueryObject","line":245,"loc":{"start":{"line":245,"column":20},"end":{"line":245,"column":52}}},"27":{"name":"isPositionError","line":260,"loc":{"start":{"line":260,"column":21},"end":{"line":260,"column":53}}},"28":{"name":"isError","line":272,"loc":{"start":{"line":272,"column":13},"end":{"line":272,"column":37}}},"29":{"name":"removeQuery","line":288,"loc":{"start":{"line":288,"column":17},"end":{"line":288,"column":43}}},"30":{"name":"removeProtocol","line":300,"loc":{"start":{"line":300,"column":20},"end":{"line":300,"column":49}}},"31":{"name":"setProtocol","line":317,"loc":{"start":{"line":317,"column":17},"end":{"line":317,"column":50}}},"32":{"name":"trimDots","line":336,"loc":{"start":{"line":336,"column":14},"end":{"line":336,"column":37}}},"33":{"name":"encodeURI","line":349,"loc":{"start":{"line":349,"column":15},"end":{"line":349,"column":39}}},"34":{"name":"decodeURI","line":362,"loc":{"start":{"line":362,"column":15},"end":{"line":362,"column":39}}},"35":{"name":"toString","line":377,"loc":{"start":{"line":377,"column":14},"end":{"line":377,"column":39}}},"36":{"name":"randomString","line":393,"loc":{"start":{"line":393,"column":18},"end":{"line":393,"column":45}}},"37":{"name":"abbr","line":415,"loc":{"start":{"line":415,"column":10},"end":{"line":415,"column":38}}},"38":{"name":"params","line":445,"loc":{"start":{"line":445,"column":12},"end":{"line":445,"column":42}}},"39":{"name":"(anonymous_39)","line":461,"loc":{"start":{"line":461,"column":25},"end":{"line":461,"column":47}}},"40":{"name":"notateGlobalObj","line":481,"loc":{"start":{"line":481,"column":21},"end":{"line":481,"column":56}}},"41":{"name":"(anonymous_41)","line":488,"loc":{"start":{"line":488,"column":23},"end":{"line":488,"column":39}}},"42":{"name":"forIn","line":512,"loc":{"start":{"line":512,"column":11},"end":{"line":512,"column":41}}},"43":{"name":"extend","line":535,"loc":{"start":{"line":535,"column":12},"end":{"line":535,"column":41}}},"44":{"name":"(anonymous_44)","line":544,"loc":{"start":{"line":544,"column":24},"end":{"line":544,"column":42}}},"45":{"name":"clone","line":583,"loc":{"start":{"line":583,"column":11},"end":{"line":583,"column":40}}},"46":{"name":"(anonymous_46)","line":597,"loc":{"start":{"line":597,"column":25},"end":{"line":597,"column":47}}},"47":{"name":"mapToSchema","line":623,"loc":{"start":{"line":623,"column":17},"end":{"line":623,"column":51}}},"48":{"name":"(anonymous_48)","line":625,"loc":{"start":{"line":625,"column":28},"end":{"line":625,"column":50}}},"49":{"name":"safeJsonParse","line":650,"loc":{"start":{"line":650,"column":19},"end":{"line":650,"column":47}}},"50":{"name":"time","line":671,"loc":{"start":{"line":671,"column":10},"end":{"line":671,"column":33}}},"51":{"name":"(anonymous_51)","line":681,"loc":{"start":{"line":681,"column":7},"end":{"line":681,"column":54}}},"52":{"name":"(anonymous_52)","line":1002,"loc":{"start":{"line":1002,"column":7},"end":{"line":1002,"column":54}}},"53":{"name":"(anonymous_53)","line":1011,"loc":{"start":{"line":1011,"column":84},"end":{"line":1011,"column":99}}},"54":{"name":"(anonymous_54)","line":1011,"loc":{"start":{"line":1011,"column":124},"end":{"line":1011,"column":139}}},"55":{"name":"(anonymous_55)","line":1013,"loc":{"start":{"line":1013,"column":19},"end":{"line":1013,"column":31}}},"56":{"name":"defineProperties","line":1013,"loc":{"start":{"line":1013,"column":33},"end":{"line":1013,"column":74}}},"57":{"name":"(anonymous_57)","line":1013,"loc":{"start":{"line":1013,"column":357},"end":{"line":1013,"column":405}}},"58":{"name":"_interopRequireDefault","line":1019,"loc":{"start":{"line":1019,"column":0},"end":{"line":1019,"column":37}}},"59":{"name":"_classCallCheck","line":1021,"loc":{"start":{"line":1021,"column":0},"end":{"line":1021,"column":48}}},"60":{"name":"(anonymous_60)","line":1034,"loc":{"start":{"line":1034,"column":15},"end":{"line":1034,"column":27}}},"61":{"name":"GeoError","line":1055,"loc":{"start":{"line":1055,"column":4},"end":{"line":1055,"column":24}}},"62":{"name":"create","line":1140,"loc":{"start":{"line":1140,"column":15},"end":{"line":1140,"column":36}}},"63":{"name":"fromResponse","line":1204,"loc":{"start":{"line":1204,"column":15},"end":{"line":1204,"column":47}}},"64":{"name":"isGeoError","line":1276,"loc":{"start":{"line":1276,"column":15},"end":{"line":1276,"column":40}}},"65":{"name":"isValidErrorCode","line":1290,"loc":{"start":{"line":1290,"column":15},"end":{"line":1290,"column":52}}},"66":{"name":"(anonymous_66)","line":1311,"loc":{"start":{"line":1311,"column":30},"end":{"line":1311,"column":42}}},"67":{"name":"errorCodeFromStatus","line":1473,"loc":{"start":{"line":1473,"column":0},"end":{"line":1473,"column":37}}},"68":{"name":"errorCodeFromReason","line":1490,"loc":{"start":{"line":1490,"column":0},"end":{"line":1490,"column":37}}},"69":{"name":"(anonymous_69)","line":1517,"loc":{"start":{"line":1517,"column":7},"end":{"line":1517,"column":54}}},"70":{"name":"(anonymous_70)","line":1526,"loc":{"start":{"line":1526,"column":19},"end":{"line":1526,"column":31}}},"71":{"name":"defineProperties","line":1526,"loc":{"start":{"line":1526,"column":33},"end":{"line":1526,"column":74}}},"72":{"name":"(anonymous_72)","line":1526,"loc":{"start":{"line":1526,"column":357},"end":{"line":1526,"column":405}}},"73":{"name":"_interopRequireDefault","line":1532,"loc":{"start":{"line":1532,"column":0},"end":{"line":1532,"column":37}}},"74":{"name":"_classCallCheck","line":1534,"loc":{"start":{"line":1534,"column":0},"end":{"line":1534,"column":48}}},"75":{"name":"(anonymous_75)","line":1542,"loc":{"start":{"line":1542,"column":12},"end":{"line":1542,"column":24}}},"76":{"name":"fetch","line":1543,"loc":{"start":{"line":1543,"column":4},"end":{"line":1543,"column":21}}},"77":{"name":"jsonp","line":1654,"loc":{"start":{"line":1654,"column":15},"end":{"line":1654,"column":49}}},"78":{"name":"execCb","line":1698,"loc":{"start":{"line":1698,"column":12},"end":{"line":1698,"column":46}}},"79":{"name":"fn","line":1714,"loc":{"start":{"line":1714,"column":25},"end":{"line":1714,"column":42}}},"80":{"name":"(anonymous_80)","line":1724,"loc":{"start":{"line":1724,"column":44},"end":{"line":1724,"column":56}}},"81":{"name":"(anonymous_81)","line":1732,"loc":{"start":{"line":1732,"column":32},"end":{"line":1732,"column":44}}},"82":{"name":"(anonymous_82)","line":1737,"loc":{"start":{"line":1737,"column":29},"end":{"line":1737,"column":46}}},"83":{"name":"(anonymous_83)","line":1766,"loc":{"start":{"line":1766,"column":37},"end":{"line":1766,"column":49}}},"84":{"name":"xhr","line":1827,"loc":{"start":{"line":1827,"column":15},"end":{"line":1827,"column":47}}},"85":{"name":"(anonymous_85)","line":1872,"loc":{"start":{"line":1872,"column":41},"end":{"line":1872,"column":53}}},"86":{"name":"(anonymous_86)","line":1889,"loc":{"start":{"line":1889,"column":36},"end":{"line":1889,"column":48}}},"87":{"name":"(anonymous_87)","line":1902,"loc":{"start":{"line":1902,"column":53},"end":{"line":1902,"column":68}}},"88":{"name":"get","line":1933,"loc":{"start":{"line":1933,"column":15},"end":{"line":1933,"column":47}}},"89":{"name":"post","line":1954,"loc":{"start":{"line":1954,"column":15},"end":{"line":1954,"column":48}}},"90":{"name":"put","line":1975,"loc":{"start":{"line":1975,"column":15},"end":{"line":1975,"column":47}}},"91":{"name":"_delete","line":1996,"loc":{"start":{"line":1996,"column":15},"end":{"line":1996,"column":51}}},"92":{"name":"_xhr","line":2009,"loc":{"start":{"line":2009,"column":0},"end":{"line":2009,"column":41}}},"93":{"name":"(anonymous_93)","line":2054,"loc":{"start":{"line":2054,"column":7},"end":{"line":2054,"column":54}}},"94":{"name":"(anonymous_94)","line":2063,"loc":{"start":{"line":2063,"column":84},"end":{"line":2063,"column":99}}},"95":{"name":"(anonymous_95)","line":2063,"loc":{"start":{"line":2063,"column":124},"end":{"line":2063,"column":139}}},"96":{"name":"(anonymous_96)","line":2065,"loc":{"start":{"line":2065,"column":19},"end":{"line":2065,"column":31}}},"97":{"name":"defineProperties","line":2065,"loc":{"start":{"line":2065,"column":33},"end":{"line":2065,"column":74}}},"98":{"name":"(anonymous_98)","line":2065,"loc":{"start":{"line":2065,"column":357},"end":{"line":2065,"column":405}}},"99":{"name":"_interopRequireDefault","line":2091,"loc":{"start":{"line":2091,"column":0},"end":{"line":2091,"column":37}}},"100":{"name":"_classCallCheck","line":2093,"loc":{"start":{"line":2093,"column":0},"end":{"line":2093,"column":48}}},"101":{"name":"(anonymous_101)","line":2152,"loc":{"start":{"line":2152,"column":17},"end":{"line":2152,"column":29}}},"102":{"name":"geolocator","line":2153,"loc":{"start":{"line":2153,"column":4},"end":{"line":2153,"column":26}}},"103":{"name":"config","line":2216,"loc":{"start":{"line":2216,"column":15},"end":{"line":2216,"column":40}}},"104":{"name":"getStaticMap","line":2338,"loc":{"start":{"line":2338,"column":15},"end":{"line":2338,"column":56}}},"105":{"name":"(anonymous_105)","line":2344,"loc":{"start":{"line":2344,"column":58},"end":{"line":2344,"column":83}}},"106":{"name":"createMap","line":2460,"loc":{"start":{"line":2460,"column":15},"end":{"line":2460,"column":53}}},"107":{"name":"(anonymous_107)","line":2499,"loc":{"start":{"line":2499,"column":47},"end":{"line":2499,"column":62}}},"108":{"name":"locate","line":2659,"loc":{"start":{"line":2659,"column":15},"end":{"line":2659,"column":50}}},"109":{"name":"fallbackToIP","line":2686,"loc":{"start":{"line":2686,"column":12},"end":{"line":2686,"column":41}}},"110":{"name":"(anonymous_110)","line":2688,"loc":{"start":{"line":2688,"column":58},"end":{"line":2688,"column":83}}},"111":{"name":"onPositionReceived","line":2695,"loc":{"start":{"line":2695,"column":12},"end":{"line":2695,"column":50}}},"112":{"name":"onPositionError","line":2698,"loc":{"start":{"line":2698,"column":12},"end":{"line":2698,"column":42}}},"113":{"name":"locateByMobile","line":2795,"loc":{"start":{"line":2795,"column":15},"end":{"line":2795,"column":58}}},"114":{"name":"(anonymous_114)","line":2832,"loc":{"start":{"line":2832,"column":42},"end":{"line":2832,"column":62}}},"115":{"name":"locateByIP","line":2949,"loc":{"start":{"line":2949,"column":15},"end":{"line":2949,"column":54}}},"116":{"name":"(anonymous_116)","line":2972,"loc":{"start":{"line":2972,"column":52},"end":{"line":2972,"column":77}}},"117":{"name":"setGeoIPSource","line":3048,"loc":{"start":{"line":3048,"column":15},"end":{"line":3048,"column":48}}},"118":{"name":"watch","line":3150,"loc":{"start":{"line":3150,"column":15},"end":{"line":3150,"column":49}}},"119":{"name":"onPositionChanged","line":3173,"loc":{"start":{"line":3173,"column":12},"end":{"line":3173,"column":49}}},"120":{"name":"(anonymous_120)","line":3184,"loc":{"start":{"line":3184,"column":38},"end":{"line":3184,"column":50}}},"121":{"name":"onPositionError","line":3191,"loc":{"start":{"line":3191,"column":12},"end":{"line":3191,"column":42}}},"122":{"name":"geocode","line":3296,"loc":{"start":{"line":3296,"column":15},"end":{"line":3296,"column":51}}},"123":{"name":"reverseGeocode","line":3387,"loc":{"start":{"line":3387,"column":15},"end":{"line":3387,"column":58}}},"124":{"name":"addressLookup","line":3398,"loc":{"start":{"line":3398,"column":15},"end":{"line":3398,"column":57}}},"125":{"name":"getTimeZone","line":3451,"loc":{"start":{"line":3451,"column":15},"end":{"line":3451,"column":55}}},"126":{"name":"(anonymous_126)","line":3471,"loc":{"start":{"line":3471,"column":41},"end":{"line":3471,"column":61}}},"127":{"name":"getDistanceMatrix","line":3575,"loc":{"start":{"line":3575,"column":15},"end":{"line":3575,"column":61}}},"128":{"name":"(anonymous_128)","line":3579,"loc":{"start":{"line":3579,"column":47},"end":{"line":3579,"column":62}}},"129":{"name":"(anonymous_129)","line":3601,"loc":{"start":{"line":3601,"column":51},"end":{"line":3601,"column":79}}},"130":{"name":"calcDistance","line":3652,"loc":{"start":{"line":3652,"column":15},"end":{"line":3652,"column":46}}},"131":{"name":"getIP","line":3703,"loc":{"start":{"line":3703,"column":15},"end":{"line":3703,"column":40}}},"132":{"name":"(anonymous_132)","line":3716,"loc":{"start":{"line":3716,"column":52},"end":{"line":3716,"column":77}}},"133":{"name":"ensureGoogleLoaded","line":3763,"loc":{"start":{"line":3763,"column":15},"end":{"line":3763,"column":58}}},"134":{"name":"isGoogleLoaded","line":3794,"loc":{"start":{"line":3794,"column":15},"end":{"line":3794,"column":41}}},"135":{"name":"isPositionError","line":3807,"loc":{"start":{"line":3807,"column":15},"end":{"line":3807,"column":45}}},"136":{"name":"isGeoError","line":3820,"loc":{"start":{"line":3820,"column":15},"end":{"line":3820,"column":40}}},"137":{"name":"isGeolocationSupported","line":3832,"loc":{"start":{"line":3832,"column":15},"end":{"line":3832,"column":49}}},"138":{"name":"kmToMi","line":3845,"loc":{"start":{"line":3845,"column":15},"end":{"line":3845,"column":35}}},"139":{"name":"miToKm","line":3858,"loc":{"start":{"line":3858,"column":15},"end":{"line":3858,"column":35}}},"140":{"name":"degToRad","line":3871,"loc":{"start":{"line":3871,"column":15},"end":{"line":3871,"column":42}}},"141":{"name":"radToDeg","line":3884,"loc":{"start":{"line":3884,"column":15},"end":{"line":3884,"column":42}}},"142":{"name":"decToDegMinSec","line":3901,"loc":{"start":{"line":3901,"column":15},"end":{"line":3901,"column":44}}},"143":{"name":"get","line":3937,"loc":{"start":{"line":3937,"column":13},"end":{"line":3937,"column":28}}},"144":{"name":"get","line":3948,"loc":{"start":{"line":3948,"column":13},"end":{"line":3948,"column":28}}},"145":{"name":"get","line":3959,"loc":{"start":{"line":3959,"column":13},"end":{"line":3959,"column":28}}},"146":{"name":"get","line":3970,"loc":{"start":{"line":3970,"column":13},"end":{"line":3970,"column":28}}},"147":{"name":"get","line":3981,"loc":{"star
[...]
tLat + ',' + b.southwestLng + '|' + b.northeastLat + ',' + b.northeastLng);","            }","        }","","        params.push('language=' + options.language);","        params.push('key=' + options.key);","        return params.join('&');","    },","","","    // See https://developers.google.com/maps/documentation/geocoding/intro","    formatGeocodeResults: function formatGeocodeResults(results) {","        if (!_utils2.default.isArray(results) || results.length <= 0) {","            return {","                location: null,","                address: null,","                formattedAddress: '',","                type: null, // locationType","                placeId: ''","            };","        }","","        var i = void 0,","            c = void 0,","            o = {},","            data = results[0],","            comps = data.address_components;","","        for (i = 0; i < comps.length; i += 1) {","            c = comps[i];","            if (c.types && c.types.length > 0) {","                o[c.types[0]] = c.long_name;","                o[c.types[0] + '_s'] = c.short_name;","            }","        }","","        var geometry = data.geometry;","        return {","            coords: geometry && geometry.location ? {","                latitude: geometry.location.lat,","                longitude: geometry.location.lng","            } : null,","            address: {","                commonName: o.point_of_interest || o.premise || o.subpremise || o.colloquial_area || '',","                streetNumber: o.street_number || '',","                street: o.administrative_area_level_4 || o.administrative_area_level_3 || o.route || '',","                route: o.route || '',","                neighborhood: o.neighborhood || o.administrative_area_level_5 || o.administrative_area_level_4 || '',","                town: o.sublocality || o.administrative_area_level_2 || '',","                city: o.locality || o.administrative_area_level_1 || '',","                region: o.administrative_area_level_2 || o.administrative_area_level_1 || '',","                postalCode: o.postal_code || '',","                state: o.administrative_area_level_1 || '',","                stateCode: o.administrative_area_level_1_s || '',","                country: o.country || '',","                countryCode: o.country_s || ''","            },","            formattedAddress: data.formatted_address,","            type: geometry.location_type || '',","            placeId: data.place_id,","            timestamp: _utils2.default.time()","        };","    },","    geocode: function geocode(reverse, conf, options, callback) {","        var opts = {};","        if (_utils2.default.isString(options)) {","            opts = {};","            var prop = reverse ? 'placeId' : 'address';","            opts[prop] = options;","        } else if (_utils2.default.isPlainObject(options)) {","            opts = options;","        } else {","            throw new _geo2.default(_geo2.default.Code.INVALID_PARAMETERS);","        }","","        if (reverse) {","            var coordsSet = _utils2.default.isNumber(options.latitude) && _utils2.default.isNumber(options.longitude);","            if (!_utils2.default.isString(options.placeId) && !coordsSet) {","                throw new _geo2.default(_geo2.default.Code.INVALID_PARAMETERS);","            }","        }","","        opts = _utils2.default.extend({","            key: conf.google.key || '',","            language: conf.language || 'en',","            raw: false","        }, opts);","","        var query = geoHelper.buildGeocodeParams(opts, reverse),","            url = _utils2.default.setProtocol(_enums2.default.URL.GOOGLE_GEOCODE, conf.https),","            xhrOpts = {","            url: url + '?' + query","        };","","        _fetch2.default.xhr(xhrOpts, function (err, xhr) {","            if (err) return callback(_geo2.default.create(err), null);","","            var response = _utils2.default.safeJsonParse(xhr.responseText),","                gErr = _geo2.default.fromResponse(response);","","            if (gErr) return callback(gErr, null);","","            response = options.raw ? response : geoHelper.formatGeocodeResults(response.results);","            callback(null, response);","        });","    },","","","    // See https://developers.google.com/maps/documentation/distance-matrix/intro","    // Raw Result Example:","    // {","    //    \"destination_addresses\" : [ \"San Francisco, CA, USA\", \"Victoria, BC, Canada\" ],","    //    \"origin_addresses\" : [ \"Vancouver, BC, Canada\", \"Seattle, WA, USA\" ],","    //    \"rows\" : [","    //       {","    //          \"elements\" : [","    //             {","    //                \"distance\" : { \"text\" : \"1,704 km\", \"value\" : 1704324 },","    //                \"duration\" : { \"text\" : \"3 days 19 hours\", \"value\" : 327061","    //                },","    //                \"status\" : \"OK\"","    //             },","    //             {","    //                \"distance\" : { \"text\" : \"138 km\", \"value\" : 138295 },","    //                \"duration\" : { \"text\" : \"6 hours 44 mins\", \"value\" : 24236 },","    //                \"status\" : \"OK\"","    //             }","    //          ]","    //       },","    //       {","    //          \"elements\" : [","    //             {","    //                \"distance\" : { \"text\" : \"1,452 km\", \"value\" : 1451623 },","    //                \"duration\" : { \"text\" : \"3 days 4 hours\", \"value\" : 275062 },","    //                \"status\" : \"OK\"","    //             },","    //             {","    //                \"distance\" : { \"text\" : \"146 km\", \"value\" : 146496 },","    //                \"duration\" : { \"text\" : \"2 hours 52 mins\", \"value\" : 10324 },","    //                \"status\" : \"OK\"","    //             }","    //          ]","    //       }","    //    ],","    //    \"status\" : \"OK\"","    // }","    // Formatted to:","","    formatDistanceResults: function formatDistanceResults(results) {","        if (!_utils2.default.isPlainObject(results)) {","            return null;","        }","","        var arr = [],","            origins = results.originAddresses,","            dests = results.destinationAddresses,","            rows = results.rows;","","        // [","        //     {","        //          from: 'Vancouver, BC, Canada',","        //          to: 'San Francisco, CA, USA',","        //          distance: { value: 1704107, text: \"1,704 km\" },","        //          duration: { value: 327025, text: \"3 days 19 hours\" },","        //          fare: { currency: \"USD\", value: 6, text: \"$6.00\" }","        //     },","        //     ...","        // ]","","        var e = void 0;","        origins.forEach(function (origin, oIndex) {","            dests.forEach(function (dest, dIndex) {","                e = rows[oIndex].elements[dIndex];","                arr.push({","                    from: origin,","                    to: dest,","                    distance: e.distance,","                    duration: e.duration,","                    fare: e.fare,","                    timestamp: _utils2.default.time()","                });","            });","        });","","        return arr;","    },","","","    // Converts a map-styles object in to static map styles (formatted query-string params).","    // See https://developers.google.com/maps/documentation/static-maps/styling","    mapStylesToParams: function mapStylesToParams(styles) {","        if (!styles) return '';","        if (!_utils2.default.isArray(styles)) styles = [styles];","        var result = [];","        styles.forEach(function (v, i, a) {","            var style = '';","            if (v.stylers) {","                // only if there is a styler object","                if (v.stylers.length > 0) {","                    // Needs to have a style rule to be valid.","                    style += (v.hasOwnProperty('featureType') ? 'feature:' + v.featureType : 'feature:all') + '|';","                    style += (v.hasOwnProperty('elementType') ? 'element:' + v.elementType : 'element:all') + '|';","                    v.stylers.forEach(function (val, i, a) {","                        var propName = Object.keys(val)[0],","                            propVal = val[propName].toString().replace('#', '0x');","                        style += propName + ':' + propVal + '|';","                    });","                }","            }","            result.push('style=' + encodeURIComponent(style));","        });","        return result.join('&');","    }","};","","exports.default = geoHelper;","","/***/ }),","/* 6 */","/***/ (function(module, exports, __webpack_require__) {","","\"use strict\";","","","Object.defineProperty(exports, \"__esModule\", {","    value: true","});","","var _createClass = function () { function defineProperties(target, props) { for (var i = 0; i < props.length; i++) { var descriptor = props[i]; descriptor.enumerable = descriptor.enumerable || false; descriptor.configurable = true; if (\"value\" in descriptor) descriptor.writable = true; Object.defineProperty(target, descriptor.key, descriptor); } } return function (Constructor, protoProps, staticProps) { if (protoProps) defineProperties(Constructor.prototype, protoProps); if (staticProps) defineProperties(Constructor, staticProps); return Constructor; }; }();","","var _utils = __webpack_require__(0);","","var _utils2 = _interopRequireDefault(_utils);","","function _interopRequireDefault(obj) { return obj && obj.__esModule ? obj : { default: obj }; }","","function _classCallCheck(instance, Constructor) { if (!(instance instanceof Constructor)) { throw new TypeError(\"Cannot call a class as a function\"); } }","","var GeoWatcher = function () {","    function GeoWatcher(onChange, onError) {","        var _this = this;","","        var options = arguments.length > 2 && arguments[2] !== undefined ? arguments[2] : {};","","        _classCallCheck(this, GeoWatcher);","","        this.isCleared = false;","        this.cycle = 0;","        this._timer = null;","        this.id = navigator.geolocation.watchPosition(function (pos) {","            _this.cycle++;","            if (_utils2.default.isFunction(onChange)) onChange(pos);","        }, function (err) {","            _this.cycle++;","            if (_utils2.default.isFunction(onError)) onError(err);","            if (options.clearOnError) {","                _this.clear();","            }","        }, options);","    }","","    _createClass(GeoWatcher, [{","        key: '_clear',","        value: function _clear() {","            navigator.geolocation.clearWatch(this.id);","            this.isCleared = true;","            this._timer = null;","        }","    }, {","        key: 'clear',","        value: function clear(delay, callback) {","            var _this2 = this;","","            var d = _utils2.default.isNumber(delay) ? delay : 0,","                cb = _utils2.default.isFunction(callback) ? callback : _utils2.default.isFunction(delay) ? delay : null;","            // clear any previous timeout","            if (this._timer) {","                clearTimeout(this._timer);","                this._timer = null;","            }","            // check if watcher is not cleared","            if (!this.isCleared) {","                if (d === 0) {","                    this._clear();","                    if (cb) cb();","                    return;","                }","                this._timer = setTimeout(function () {","                    _this2._clear();","                    if (cb) cb();","                }, d);","            }","        }","    }]);","","    return GeoWatcher;","}();","","// ---------------------------","// EXPORT","// ---------------------------","","exports.default = GeoWatcher;","","/***/ }),","/* 7 */","/***/ (function(module, exports, __webpack_require__) {","","\"use strict\";","","","var _geolocator = __webpack_require__(4);","","var _geolocator2 = _interopRequireDefault(_geolocator);","","function _interopRequireDefault(obj) { return obj && obj.__esModule ? obj : { default: obj }; }","","// See https://github.com/onury/geolocator/issues/42","if (typeof window !== 'undefined' && typeof window.geolocator === 'undefined') {","        window.geolocator = _geolocator2.default;","}","","// export default geolocator;","// http://stackoverflow.com/a/33683495/112731","module.exports = _geolocator2.default;","","/***/ })","/******/ ]);","});","//# sourceMappingURL=geolocator.js.map"],"l":{"1":1,"2":1,"3":1,"4":0,"5":0,"6":0,"7":0,"9":0,"11":1,"13":1,"16":1,"19":15,"20":7,"23":8,"30":8,"33":8,"36":8,"41":1,"44":1,"47":1,"50":1,"51":0,"52":0,"61":1,"62":0,"63":0,"64":0,"65":0,"66":0,"70":1,"73":1,"76":1,"86":1,"90":9,"92":1,"103":1,"119":0,"122":1,"134":0,"146":8,"147":8,"159":6,"171":6,"183":0,"195":1,"207":6,"219":0,"220":0,"232":0,"233":0,"246":0,"247":0,"261":0,"273":0,"289":0,"301":0,"318":0,"319":0,"320":0,"322":0,"324":0,"325":0,"337":0,"350":0,"363":0,"378":0,"379":0,"380":0,"382":0,"394":0,"395":0,"396":0,"416":0,"420":0,"422":0,"446":0,"447":0,"450":0,"458":0,"461":0,"462":0,"463":0,"464":0,"465":0,"466":0,"470":0,"482":0,"483":0,"485":0,"486":0,"488":0,"489":0,"491":0,"513":0,"514":0,"516":0,"536":2,"537":2,"540":2,"541":2,"544":2,"545":2,"547":6,"548":6,"549":0,"550":6,"551":0,"552":6,"554":0,"555":6,"556":1,"558":5,"562":2,"584":0,"586":0,"587":0,"589":0,"594":0,"597":0,"598":0,"599":0,"600":0,"601":0,"603":0,"607":0,"624":0,"625":0,"626":0,"627":0,"629":0,"632":0,"651":0,"652":0,"653":0,"655":0,"672":0,"673":0,"677":1,"686":1,"689":1,"699":1,"998":1,"1007":1,"1011":1,"1013":4,"1015":1,"1017":1,"1019":1,"1021":1,"1034":1,"1055":1,"1056":0,"1057":0,"1059":0,"1061":0,"1069":0,"1082":0,"1094":0,"1100":0,"1102":0,"1109":0,"1138":1,"1141":0,"1142":0,"1145":0,"1148":0,"1149":0,"1151":0,"1152":0,"1154":0,"1155":0,"1157":0,"1158":0,"1160":0,"1161":0,"1163":0,"1166":0,"1167":0,"1168":0,"1169":0,"1170":0,"1172":0,"1173":0,"1176":0,"1205":0,"1227":0,"1229":0,"1231":0,"1232":0,"1233":0,"1236":0,"1238":0,"1240":0,"1241":0,"1242":0,"1245":0,"1246":0,"1247":0,"1248":0,"1249":0,"1250":0,"1251":0,"1254":0,"1255":0,"1258":0,"1259":0,"1260":0,"1263":0,"1277":0,"1291":0,"1292":0,"1293":0,"1294":0,"1297":0,"1301":1,"1311":1,"1312":0,"1313":0,"1320":1,"1321":1,"1323":0,"1336":1,"1473":1,"1474":0,"1475":0,"1476":0,"1477":0,"1478":0,"1490":1,"1491":0,"1493":0,"1495":0,"1497":0,"1499":0,"1501":0,"1503":0,"1505":0,"1513":1,"1522":1,"1526":6,"1528":1,"1530":1,"1532":1,"1534":1,"1542":1,"1543":1,"1544":0,"1547":1,"1655":0,"1657":0,"1659":0,"1660":0,"1663":0,"1664":0,"1676":0,"1679":0,"1680":0,"1683":0,"1689":0,"1690":0,"1691":0,"1693":0,"1698":1,"1699":0,"1700":0,"1701":0,"1703":0,"1704":0,"1707":0,"1708":0,"1710":0,"1713":0,"1714":0,"1715":0,"1717":0,"1721":0,"1722":0,"1724":0,"1725":0,"1726":0,"1727":0,"1732":0,"1733":0,"1737":0,"1738":0,"1739":0,"1740":0,"1742":0,"1745":0,"1746":0,"1748":0,"1749":0,"1751":0,"1752":0,"1754":0,"1755":0,"1757":0,"1758":0,"1761":0,"1762":0,"1765":0,"1766":0,"1767":0,"1768":0,"1828":0,"1831":0,"1832":0,"1834":0,"1837":0,"1838":0,"1840":0,"1841":0,"1844":0,"1845":0,"1856":0,"1859":0,"1860":0,"1863":0,"1864":0,"1865":0,"1866":0,"1867":0,"1871":0,"1872":0,"1873":0,"1874":0,"1875":0,"1879":0,"1880":0,"1882":0,"1887":0,"1888":0,"1889":0,"1891":0,"1892":0,"1897":0,"1901":0,"1902":0,"1903":0,"1904":0,"1909":0,"1910":0,"1913":0,"1934":0,"1955":0,"1976":0,"1997":0,"2001":1,"2009":1,"2010":0,"2011":0,"2012":0,"2022":1,"2050":1,"2059":1,"2063":1,"2065":33,"2067":1,"2069":1,"2071":1,"2073":1,"2075":1,"2077":1,"2079":1,"2081":1,"2083":1,"2085":1,"2087":1,"2089":1,"2091":6,"2093":1,"2100":1,"2107":1,"2115":1,"2152":1,"2153":1,"2154":0,"2157":1,"2217":0,"2218":0,"2220":0,"2339":0,"2340":0,"2343":0,"2344":0,"2345":0,"2346":0,"2347":0,"2351":0,"2352":0,"2366":0,"2368":0,"2370":0,"2373":0,"2374":0,"2375":0,"2377":0,"2378":0,"2380":0,"2381":0,"2383":0,"2384":0,"2463":0,"2464":0,"2467":0,"2475":0,"2477":0,"2478":0,"2479":0,"2480":0,"2481":0,"2482":0,"2485":0,"2486":0,"2489":0,"2490":0,"2493":0,"2495":0,"2497":0,"2499":0,"2500":0,"2501":0,"2504":0,"2505":0,"2660":0,"2675":0,"2677":0,"2679":0,"2682":0,"2684":0,"2686":1,"2687":0,"2688":0,"2689":0,"2690":0,"2693":0,"2695":1,"2696":0,"2698":1,"2699":0,"2700":0,"2703":0,"2704":0,"2705":0,"2707":0,"2710":0,"2711":0,"2796":0,"2797":0,"2800":0,"2802":0,"2816":0,"2818":0,"2820":0,"2832":0,"2833":0,"2834":0,"2836":0,"2845":0,"2951":0,"2953":0,"2954":0,"2958":0,"2960":0,"2966":0,"2967":0,"2968":0,"2969":0,"2970":0,"2972":0,"2973":0,"2974":0,"2976":0,"2977":0,"2978":0,"2979":0,"2981":0,"2984":0,"2985":0,"2986":0,"2988":0,"2989":0,"2991":0,"2992":0,"2993":0,"2994":0,"2995":0,"2997":0,"2998":0,"3049":1,"3050":0,"3052":1,"3053":0,"3058":1,"3151":0,"3152":0,"3153":0,"3156":0,"3159":0,"3166":0,"3167":0,"3173":1,"3174":0,"3175":0,"3176":0,"3182":0,"3183":0,"3184":0,"3185":0,"3189":0,"3191":1,"3192":0,"3194":0,"3297":0,"3388":0,"3399":0,"3452":0,"3453":0,"3456":0,"3458":0,"3459":0,"3466":0,"3471":0,"3472":0,"3473":0,"3475":0,"3483":0,"3576":0,"3578":0,"3579":0,"3580":0,"3581":0,"3584":0,"3586":0,"3587":0,"3589":0,"3590":0,"3592":0,"3600":0,"3601":0,"3602":0,"3603":0,"3604":0,"3605":0,"3607":0,"3609":0,"3653":0,"3658":0,"3662":0,"3663":0,"3667":0,"3670":0,"3676":0,"3704":0,"3706":0,"3716":0,"3717":0,"3718":0,"3720":0,"3721":0,"3722":0,"3724":0,"3725":0,"3764":0,"3765":0,"3766":0,"3768":0,"3770":0,"3771":0,"3781":0,"3783":0,"3795":0,"3808":0,"3821":0,"3833":0,"3846":0,"3859":0,"3872":0,"3885":0,"3902":0,"3908":0,"3913":0,"3938":0,"3949":0,"3960":0,"3971":0,"3982":0,"3993":0,"4004":0,"4015":0,"4019":1,"4032":1,"4033":0,"4048":1,"4049":0,"4050":0,"4051":0,"4054":0,"4065":1,"4066":0,"4067":0,"4068":0,"4086":1,"4087":0,"4088":0,"4090":0,"4096":0,"4097":0,"4100":0,"4101":0,"4103":0,"4118":1,"4119":0,"4139":0,"4140":0,"4142":0,"4146":0,"4147":0,"4148":0,"4149":0,"4150":0,"4155":0,"4156":0,"4160":0,"4161":0,"4162":0,"4164":0,"4165":0,"4170":0,"4178":0,"4179":0,"4189":1,"4190":0,"4191":0,"4193":0,"4194":0,"4195":0,"4196":0,"4198":0,"4199":0,"4200":0,"4201":0,"4202":0,"4203":0,"4218":1,"4219":0,"4220":0,"4221":0,"4222":0,"4223":0,"4224":0,"4225":0,"4226":0,"4227":0,"4243":1,"4244":0,"4245":0,"4259":1,"4260":0,"4261":0,"4262":0,"4264":1,"4265":0,"4266":0,"4267":0,"4269":0,"4270":0,"4271":0,"4272":0,"4275":0,"4276":0,"4277":0,"4278":0,"4279":0,"4280":0,"4281":0,"4282":0,"4284":0,"4287":0,"4288":0,"4290":0,"4306":1,"4307":0,"4311":1,"4312":0,"4313":0,"4315":0,"4319":0,"4320":0,"4321":0,"4322":0,"4325":0,"4327":0,"4328":0,"4330":0,"4333":0,"4336":1,"4337":0,"4338":0,"4349":1,"4356":1,"4385":1,"4613":1,"4617":1,"4619":1,"4621":1,"4623":1,"4625":1,"4627":1,"4629":1,"4631":1,"4633":4,"4643":1,"4645":0,"4651":0,"4660":0,"4661":0,"4662":0,"4666":0,"4686":0,"4689":0,"4690":0,"4691":0,"4692":0,"4693":0,"4696":0,"4697":0,"4700":0,"4701":0,"4702":0,"4704":0,"4705":0,"4706":0,"4707":0,"4708":0,"4712":0,"4713":0,"4714":0,"4720":0,"4721":0,"4730":0,"4736":0,"4737":0,"4738":0,"4739":0,"4740":0,"4744":0,"4745":0,"4772":0,"4773":0,"4774":0,"4775":0,"4776":0,"4777":0,"4778":0,"4780":0,"4783":0,"4784":0,"4785":0,"4786":0,"4790":0,"4796":0,"4802":0,"4803":0,"4805":0,"4808":0,"4810":0,"4811":0,"4857":0,"4858":0,"4861":0,"4877":0,"4878":0,"4879":0,"4880":0,"4881":0,"4892":0,"4899":0,"4900":0,"4901":0,"4902":0,"4903":0,"4904":0,"4906":0,"4908":0,"4909":0,"4910":0,"4911":0,"4913":0,"4917":0,"4919":0,"4923":1,"4932":1,"4936":2,"4938":1,"4940":1,"4942":1,"4944":1,"4946":1,"4947":1,"4948":0,"4950":0,"4952":0,"4954":0,"4955":0,"4956":0,"4957":0,"4958":0,"4959":0,"4961":0,"4962":0,"4963":0,"4964":0,"4969":1,"4972":0,"4973":0,"4974":0,"4979":0,"4981":0,"4984":0,"4985":0,"4986":0,"4989":0,"4990":0,"4991":0,"4992":0,"4993":0,"4995":0,"4996":0,"4997":0,"5003":1,"5010":1,"5019":1,"5021":1,"5023":1,"5026":1,"5027":0,"5032":1}}}